nohup: ignoring input
xijv variables 3798
siv variables 513
Iv variables 19
Minimize total travel distance
Finished modelling objective
Finished modelling Start from depot
Finished modelling End at depot
Finished modelling Flow Balancing
Finished modelling Each customer is visited exactly once
Finished modelling Vehicle capacity constraint
Finished modelling Time window constraints
Finished modelling Linking constraints
Set parameter Username
Set parameter LogFile to value "gurobi.log"
Using license file /home/karthik/gurobi.lic
Academic license - for non-commercial use only - expires 2025-06-26

Gurobi Optimizer version 11.0.2 build v11.0.2rc0 (linux64 - "Ubuntu 20.04.6 LTS")
Copyright (c) 2024, Gurobi Optimization, LLC

Read LP format model from file /tmp/1accc225fe7f41d887001ee604e3d95e-pulp.lp
Reading time = 0.07 seconds
OBJ: 8153 rows, 4050 columns, 34132 nonzeros

CPU model: 12th Gen Intel(R) Core(TM) i5-1235U, instruction set [SSE2|AVX|AVX2]
Thread count: 12 physical cores, 12 logical processors, using up to 12 threads

Optimize a model with 8153 rows, 4050 columns and 34132 nonzeros
Model fingerprint: 0xf6f38c8e
Variable types: 233 continuous, 3817 integer (3817 binary)
Coefficient statistics:
  Matrix range     [1e+00, 1e+08]
  Objective range  [4e-01, 1e+02]
  Bounds range     [1e+00, 1e+03]
  RHS range        [1e+00, 1e+08]
Presolve removed 1318 rows and 99 columns
Presolve time: 0.39s
Presolved: 6835 rows, 3951 columns, 31472 nonzeros
Variable types: 190 continuous, 3761 integer (3761 binary)

Root relaxation: objective 3.685981e+02, 1364 iterations, 0.45 seconds (0.10 work units)

    Nodes    |    Current Node    |     Objective Bounds      |     Work
 Expl Unexpl |  Obj  Depth IntInf | Incumbent    BestBd   Gap | It/Node Time

     0     0  368.59811    0   53          -  368.59811      -     -    1s
H    0     0                    1235.1700000  368.59811  70.2%     -    2s
     0     0  375.00490    0   69 1235.17000  375.00490  69.6%     -    2s
H    0     0                    1189.5700000  375.00490  68.5%     -    2s
H    0     0                    1022.4000000  375.15364  63.3%     -    2s
     0     0  375.15364    0  102 1022.40000  375.15364  63.3%     -    2s
     0     0  375.15364    0  102 1022.40000  375.15364  63.3%     -    3s
H    0     0                     759.7600000  418.83442  44.9%     -    3s
H    0     0                     735.3300000  418.83442  43.0%     -    3s
     0     0  418.83442    0   82  735.33000  418.83442  43.0%     -    3s
H    0     0                     734.8400000  419.22000  43.0%     -    3s
     0     0  419.66632    0   82  734.84000  419.66632  42.9%     -    3s
     0     0  419.66632    0   70  734.84000  419.66632  42.9%     -    3s
     0     0  423.31545    0   73  734.84000  423.31545  42.4%     -    4s
     0     0  423.31545    0   70  734.84000  423.31545  42.4%     -    4s
H    0     0                     689.7500000  423.31545  38.6%     -    4s
H    0     0                     677.7500000  423.31545  37.5%     -    4s
     0     0  430.41607    0   75  677.75000  430.41607  36.5%     -    4s
     0     0  430.52998    0   76  677.75000  430.52998  36.5%     -    4s
     0     0  430.53164    0   79  677.75000  430.53164  36.5%     -    5s
     0     0  431.53538    0   94  677.75000  431.53538  36.3%     -    5s
H    0     0                     633.4000000  431.53538  31.9%     -    5s
     0     0  432.43928    0   91  633.40000  432.43928  31.7%     -    5s
     0     0  432.53483    0   97  633.40000  432.53483  31.7%     -    5s
     0     0  432.53880    0   99  633.40000  432.53880  31.7%     -    5s
     0     0  434.96632    0   85  633.40000  434.96632  31.3%     -    5s
H    0     0                     627.9800000  434.96632  30.7%     -    6s
     0     0  434.98454    0   66  627.98000  434.98454  30.7%     -    6s
     0     0  435.05641    0  105  627.98000  435.05641  30.7%     -    6s
     0     0  435.05818    0  107  627.98000  435.05818  30.7%     -    6s
     0     0  435.06233    0  120  627.98000  435.06233  30.7%     -    6s
     0     0  435.06233    0  119  627.98000  435.06233  30.7%     -    6s
     0     2  435.28233    0  119  627.98000  435.28233  30.7%     -    6s
    50    56  442.58437    7   70  627.98000  439.00703  30.1%  89.2   10s
    87    90  446.09675    9   54  627.98000  439.00703  30.1%  80.6   16s
H   92    90                     626.5000000  439.00703  29.9%  80.2   16s
   322   329  482.80299   23   54  626.50000  439.00703  29.9%  57.5   20s
   983   869  533.83992   92   22  626.50000  439.00703  29.9%  41.2   25s
H  985   864                     615.3000000  439.00703  28.7%  41.2   25s
  1918  1695  573.08163   65   49  615.30000  441.87112  28.2%  37.3   30s
  2038  1705  485.42958   36   84  615.30000  441.87112  28.2%  37.1   35s
H 2075  1643                     610.4700000  441.87455  27.6%  40.1   39s
  2081  1653  470.93616   18   71  610.47000  441.87455  27.6%  40.3   40s
  2117  1677  485.11327   20   65  610.47000  443.46954  27.4%  42.4   46s
H 2118  1595                     610.1900000  443.46954  27.3%  42.3   46s
H 2126  1515                     609.7100000  443.46954  27.3%  42.6   46s
  2282  1620  517.16123   28   78  609.71000  444.87989  27.0%  46.9   50s
  2889  1935 infeasible   54       609.71000  444.87989  27.0%  50.6   55s
  3616  2250  506.61552   36   53  609.71000  444.87989  27.0%  51.8   60s
  3928  2407  527.75967   50   67  609.71000  444.87989  27.0%  51.9   65s
H 4064  2298                     608.4800000  444.87989  26.9%  51.8   69s
  4069  2434  569.73832   60   50  608.48000  444.87989  26.9%  51.9   70s
  4895  2721  498.23996   31   29  608.48000  451.47721  25.8%  52.2   76s
H 4985  2410                     585.7700000  451.47721  22.9%  52.3   76s
  5525  2660  499.71694   46   58  585.77000  451.47721  22.9%  53.2   81s
H 6079  2914                     584.9100000  451.47721  22.8%  53.0   85s
  7131  3593  504.87801   29   81  584.91000  473.52768  19.0%  52.8   90s
H 7141  3548                     582.7600000  473.52768  18.7%  52.9   90s
  8216  4393  526.09888   36   63  582.76000  475.44177  18.4%  53.0   95s
  9248  5286  553.30284   36   71  582.76000  478.87040  17.8%  52.2  100s
 10054  5827  508.82098   24  105  582.76000  481.00393  17.5%  52.1  106s
 10961  6483 infeasible   29       582.76000  483.04988  17.1%  52.2  112s
 11372  6869  520.17461   41   95  582.76000  483.38229  17.1%  52.2  115s
 12497  7662  526.60130   33   92  582.76000  486.73404  16.5%  51.6  120s
 13525  8396  540.87610   41   72  582.76000  488.13929  16.2%  52.0  126s
 13985  8828  550.53513   28   72  582.76000  488.51898  16.2%  52.2  130s
 14879  9499  495.69452   32   57  582.76000  489.63866  16.0%  51.9  137s
 15484 10132  495.97937   42   55  582.76000  489.63866  16.0%  51.7  141s
 16965 11426  508.27639   53   51  582.76000  490.85209  15.8%  51.3  148s
 17985 12069  512.25188   57   41  582.76000  491.56251  15.6%  50.6  155s
 18793 12414  528.63851   70   67  582.76000  492.09261  15.6%  50.7  160s
*19352 12334             102     580.6500000  492.12746  15.2%  50.7  160s
 19385 13050  525.84695   40   86  580.65000  492.32446  15.2%  50.7  165s
 20343 13724  509.91944   57   51  580.65000  492.54328  15.2%  50.4  170s
 21297 14218  549.02830   47   39  580.65000  492.82521  15.1%  50.4  175s
 22771 15488  530.89822   65   38  580.65000  493.22225  15.1%  50.2  182s
 23731 16481  531.56247   72   41  580.65000  493.52252  15.0%  49.9  188s
 24947 16962  556.43210   71   69  580.65000  493.93536  14.9%  49.6  192s
H25054 16365                     574.5500000  493.98836  14.0%  49.6  192s
H25443 16083                     572.7100000  494.06764  13.7%  49.6  192s
 25641 16637  516.79592   55   82  572.71000  494.09856  13.7%  49.6  197s
 26554 17320  515.94442   23   81  572.71000  494.56482  13.6%  49.8  202s
 27497 17662  532.73379   67   56  572.71000  494.56482  13.6%  49.9  245s
 27941 18519  544.49770  102   64  572.71000  494.94546  13.6%  50.0  253s
 29216 19275  516.41168   37   44  572.71000  495.10455  13.6%  49.9  259s
 30354 20177  547.66241   57   52  572.71000  495.20091  13.5%  50.2  266s
 31579 20761  533.61722   75   43  572.71000  495.63628  13.5%  50.2  273s
 32420 21821  500.43754   42   70  572.71000  495.78041  13.4%  50.3  281s
 33982 22858  509.50438   35   71  572.71000  496.13634  13.4%  50.0  287s
 35433 23757  507.43006   35   80  572.71000  496.38568  13.3%  49.8  292s
 36631 23758  528.54985   43  119  572.71000  496.57565  13.3%  49.9  378s
 36634 23760  543.62788   49   85  572.71000  496.57565  13.3%  49.9  380s
 36644 23767  510.16849   31  127  572.71000  496.57565  13.3%  49.9  386s
 36647 23769  513.74127   59  136  572.71000  496.57565  13.3%  49.9  392s
 36651 23771  527.98280   59  164  572.71000  496.57565  13.3%  49.9  396s
 36654 23773  520.79166   33  136  572.71000  496.57565  13.3%  49.9  400s
 36657 23775  546.27668  114  143  572.71000  496.57565  13.3%  49.9  405s
 36661 23778  553.83508   59  184  572.71000  496.57565  13.3%  49.9  410s
 36663 23779  542.93358   67  170  572.71000  496.57565  13.3%  49.9  415s
 36665 23781  559.91176   66  207  572.71000  496.57565  13.3%  49.9  420s
 36669 23783  551.80985   94  215  572.71000  496.57565  13.3%  49.9  426s
 36671 23785  564.03790   25  201  572.71000  496.57565  13.3%  49.9  430s
 36675 23787  547.86343   50  227  572.71000  496.57565  13.3%  49.9  436s
 36677 23789  538.74782   51  237  572.71000  496.57565  13.3%  49.9  442s
 36681 23791  516.45984   43  216  572.71000  496.57565  13.3%  49.9  448s
 36682 23792  519.30862   48  243  572.71000  496.57565  13.3%  49.9  452s
 36683 23793  554.19648   70  207  572.71000  496.57565  13.3%  49.9  455s
 36686 23795  496.94713   44  187  572.71000  496.57565  13.3%  49.9  462s
 36690 23797  511.85110   27  197  572.71000  496.57565  13.3%  49.9  467s
 36692 23799  512.98991   89  216  572.71000  496.57565  13.3%  49.9  471s
 36695 23801  524.88241   46  204  572.71000  496.57565  13.3%  49.9  475s
 36697 23802  527.78170   58  220  572.71000  496.57565  13.3%  49.9  480s
 36701 23805  552.15692   88  205  572.71000  496.57565  13.3%  49.9  485s
 36703 23806  531.49849   62  203  572.71000  496.57565  13.3%  49.9  490s
 36706 23808  550.28485   48  206  572.71000  496.57565  13.3%  49.8  498s
 36708 23809  527.76779   68  218  572.71000  496.57565  13.3%  49.8  502s
 36710 23811  544.57129   60  208  572.71000  496.57565  13.3%  49.8  506s
 36712 23812  510.99903   53  210  572.71000  496.57565  13.3%  49.8  510s
 36714 23813  499.80963   37  217  572.71000  496.57565  13.3%  49.8  515s
 36716 23815  527.72164   49  216  572.71000  496.57565  13.3%  49.8  520s
 36720 23817  507.34603   27  206  572.71000  496.57565  13.3%  49.8  525s
 36723 23819  511.31239   64  215  572.71000  496.57565  13.3%  49.8  533s
 36724 23820  499.70855   61  252  572.71000  496.57565  13.3%  49.8  535s
 36728 23823  507.86579   53  236  572.71000  496.57565  13.3%  49.8  542s
 36731 23825  528.54985   43  278  572.71000  496.57565  13.3%  49.8  547s
 36734 23827  543.62788   49  288  572.71000  496.57565  13.3%  49.8  553s
 36735 23827  571.88800  108  286  572.71000  496.57565  13.3%  49.8  556s
 36737 23829  510.46882   66  292  572.71000  496.57565  13.3%  49.8  561s
 36738 23829  538.97655   62  277  572.71000  496.57565  13.3%  49.8  565s
 36741 23831  514.99873   47  276  572.71000  496.57565  13.3%  49.8  570s
 36744 23833  510.16849   31  300  572.71000  496.57565  13.3%  49.8  575s
 36747 23835  513.74127   59  288  572.71000  496.57565  13.3%  49.8  582s
 36750 23837  526.65213   71  308  572.71000  496.57565  13.3%  49.8  586s
 36753 23839  544.82453   73  291  572.71000  496.57565  13.3%  49.8  591s
 36755 23841  528.03106   58  305  572.71000  496.57565  13.3%  49.8  596s
 36758 23843  520.51882   60  315  572.71000  496.57565  13.3%  49.8  601s
 36759 23843  510.75669   34  306  572.71000  496.57565  13.3%  49.8  606s
 36761 23845  553.83508   59  305  572.71000  496.57565  13.3%  49.8  611s
 36763 23846  542.93358   67  293  572.71000  496.57565  13.3%  49.8  615s
 36768 23854  496.57565   29  216  572.71000  496.57565  13.3%  50.8  621s
 36780 23866  496.57565   31  239  572.71000  496.57565  13.3%  51.0  625s
 36828 23890  496.57565   33  196  572.71000  496.57565  13.3%  51.7  630s
 36912 23902  509.33949   37  146  572.71000  496.57565  13.3%  51.8  635s
 37011 23933  499.07489   40  119  572.71000  496.57565  13.3%  52.0  641s
 37103 23978  496.57565   42  129  572.71000  496.57565  13.3%  52.2  645s
 37211 24020  514.73977   44  117  572.71000  496.57565  13.3%  52.3  651s
 37286 24043  524.99726   46  105  572.71000  496.57565  13.3%  52.3  655s
 37469 24098  519.85999   51   85  572.71000  496.57565  13.3%  52.5  660s
 37681 24153  496.57565   37  101  572.71000  496.57565  13.3%  52.6  666s
 37857 24218  502.85954   46   97  572.71000  496.57565  13.3%  52.8  671s
 37988 24241  562.37183   54   98  572.71000  496.57565  13.3%  52.9  675s
 38123 24252  563.83119   61   95  572.71000  496.57565  13.3%  53.0  682s
 38202 24237  539.18287   41   55  572.71000  496.57565  13.3%  53.0  688s
 38363 24415  548.96077   50   76  572.71000  496.57565  13.3%  53.0  691s
 38666 24497  497.69816   39   92  572.71000  496.57565  13.3%  53.1  695s
 39164 24669  547.29920   96   52  572.71000  496.57565  13.3%  53.4  701s
 39563 24775 infeasible   37       572.71000  496.57565  13.3%  53.6  705s
 40005 25029  518.92744   62   85  572.71000  496.57565  13.3%  53.7  710s
 40288 25122  529.41774   89   37  572.71000  496.57565  13.3%  53.7  722s
 40911 25496  501.69228   40   64  572.71000  499.15659  12.8%  53.8  727s
 41765 25861  554.89160   53   34  572.71000  500.56181  12.6%  53.6  733s
 42255 26051  504.13505   47   53  572.71000  500.60096  12.6%  53.5  736s
 43259 26477  564.56165   57   42  572.71000  501.61904  12.4%  53.1  741s
 44296 26916  556.93034   72   44  572.71000  501.82722  12.4%  52.8  747s
 44737 27232  555.73255   37   71  572.71000  501.85153  12.4%  52.7  750s
 45981 27974  529.08718   95   34  572.71000  501.98559  12.3%  52.2  758s
 46728 28250  511.42567   74   59  572.71000  501.99967  12.3%  51.8  762s
 47428 28502  532.67692  126   42  572.71000  502.33193  12.3%  51.6  766s
 48088 28770  508.45255   53   60  572.71000  502.45295  12.3%  51.4  771s
 48790 29211  513.04721   49   78  572.71000  502.56679  12.2%  51.3  775s
 50441 30122  507.29454   52   44  572.71000  502.92726  12.2%  50.6  783s
 51550 30583  510.96165   52   48  572.71000  503.32512  12.1%  50.2  788s
 52635 31148  558.79209  118   40  572.71000  503.59803  12.1%  49.7  792s
 53787 31418  522.19175   51   49  572.71000  503.76159  12.0%  49.4  797s
 54617 32092  519.13744   60   33  572.71000  503.92347  12.0%  49.2  807s
 55950 32273  517.72975   60   30  572.71000  504.06159  12.0%  48.9  814s
 56847 32713  518.45464   63   29  572.71000  504.25993  12.0%  48.7  818s
 57823 33246  520.01200   63   47  572.71000  504.47577  11.9%  48.4  821s
 59937 34010  553.71898  135   44  572.71000  504.75711  11.9%  47.8  828s
 60800 34532  521.38187   61   20  572.71000  504.84185  11.9%  47.7  833s
 61946 34929  519.50929   66   27  572.71000  505.08416  11.8%  47.4  837s
 62862 35243  524.40491   70   27  572.71000  505.13616  11.8%  47.2  848s
 63611 35887  514.09742   54   55  572.71000  505.22605  11.8%  47.0  853s
 64743 36312  519.43588   40  153  572.71000  505.40970  11.8%  46.8  858s
 66088 36674  523.25362   56   39  572.71000  505.53569  11.7%  46.7  863s
 67349 37210  519.19283   57   47  572.71000  505.65381  11.7%  46.5  869s
 68704 37748  514.16419   60   51  572.71000  505.96451  11.7%  46.3  874s
 69923 38233  517.13961   56   50  572.71000  506.02314  11.6%  46.1  880s
 71089 38825  528.70108   99   43  572.71000  506.05938  11.6%  45.9  885s
 72331 39636  523.95735   71   45  572.71000  506.17582  11.6%  45.7  896s
 73945 40038  522.26906   58   46  572.71000  506.20807  11.6%  45.5  903s
 75194 39675  508.96504   49   63  572.71000  506.40053  11.6%  45.4  909s
 75281 40548  509.15586   50   59  572.71000  506.44599  11.6%  45.4  916s
 76573 41095  545.31448  100   40  572.71000  506.55539  11.6%  45.3  922s
 77784 41734  517.81353   62   83  572.71000  506.61827  11.5%  45.2  928s
 79095 42223  509.63670   44   62  572.71000  506.69080  11.5%  45.0  935s
 80436 42992  548.98801   53   35  572.71000  506.74971  11.5%  44.9  943s
 82083 43438  546.06370   58   52  572.71000  506.85629  11.5%  44.7  948s
 83515 44159  533.64476   82   33  572.71000  506.96319  11.5%  44.6  954s
 85007 44491  561.56460   98   28  572.71000  507.08779  11.5%  44.4  960s
 86247 44532  544.85156   84   47  572.71000  507.14799  11.4%  44.3  967s
 86910 45540  509.56003   53   72  572.71000  507.22720  11.4%  44.2  972s
 88537 45989  510.62331   51   46  572.71000  507.33817  11.4%  44.0  978s
 89881 46496  516.96121   60   27  572.71000  507.42129  11.4%  43.8  984s
 91062 47737  531.83593  100   56  572.71000  507.48978  11.4%  43.7  992s
 93171 47751  517.20322   50   83  572.71000  507.58521  11.4%  43.4  997s
 94207 47994  521.15645   69   50  572.71000  507.67444  11.4%  43.4 1002s
 95039 48316  536.40397   96   71  572.71000  507.71727  11.3%  43.4 1007s
 95975 49055  542.11159   91   45  572.71000  507.78054  11.3%  43.5 1013s
 97414 49486  511.64852   59   62  572.71000  507.82350  11.3%  43.4 1018s
 98628 49974  531.22900   73   32  572.71000  507.90412  11.3%  43.2 1023s
 99775 50491  537.76359   90   46  572.71000  507.94725  11.3%  43.2 1029s
 100924 50930  547.32543   60   45  572.71000  508.01793  11.3%  43.1 1034s
 101927 51511  512.10298   50   59  572.71000  508.07054  11.3%  43.0 1040s
 103086 52154  518.20670   59   43  572.71000  508.12864  11.3%  42.9 1046s
 104437 52482  554.74054   68   21  572.71000  508.19080  11.3%  42.8 1052s
 105454 53006  525.48302   69   61  572.71000  508.23617  11.3%  42.7 1057s
 106575 53605  557.26964   78   25  572.71000  508.26004  11.3%  42.6 1062s
 107896 53948  528.67798   70   34  572.71000  508.32755  11.2%  42.5 1068s
 109049 54501  522.34883   67   53  572.71000  508.40217  11.2%  42.5 1082s
 110079 56383  527.93151   48   62  572.71000  508.43285  11.2%  42.5 1095s
 112746 57761  556.19571   73   30  572.71000  508.53607  11.2%  42.3 1101s
 114633 58664  511.36319   50   55  572.71000  508.62442  11.2%  42.2 1107s
 115959 59849 infeasible   52       572.71000  508.73580  11.2%  42.2 1114s
 117590 60929  555.65527   87   32  572.71000  508.80434  11.2%  42.1 1120s
 119063 61762  547.60411   47   69  572.71000  508.86126  11.1%  42.0 1127s
 120214 62790  541.50351   81   40  572.71000  508.92465  11.1%  42.0 1134s
 121528 63849  568.42333   76   40  572.71000  508.98863  11.1%  41.9 1140s
 123090 64816  535.14619  119   46  572.71000  509.06148  11.1%  41.8 1146s
 124504 65880  526.95916   60   61  572.71000  509.12279  11.1%  41.8 1151s
 125913 66730  513.47498   53   79  572.71000  509.16275  11.1%  41.7 1157s
 127016 67278  542.13892  117   38  572.71000  509.19116  11.1%  41.6 1166s
 127858 68924  530.85136   62   55  572.71000  509.22718  11.1%  41.6 1175s
 129957 69714  545.76663   83   46  572.71000  509.29589  11.1%  41.4 1181s
 131158 70921  534.23133   54   26  572.71000  509.36078  11.1%  41.5 1188s
 132784 72107  529.06512   42   97  572.71000  509.39657  11.1%  41.4 1194s
 134279 73297  533.59874   64   45  572.71000  509.46411  11.0%  41.3 1200s
 135811 74194  525.48691   58   40  572.71000  509.52557  11.0%  41.2 1207s
 137263 75294  524.08047   66   47  572.71000  509.59040  11.0%  41.2 1212s
 138652 76276  524.05479   85   72  572.71000  509.62369  11.0%  41.1 1217s
 140028 77202  538.96324   74   42  572.71000  509.65594  11.0%  41.0 1223s
 141430 78010  544.65282   84   43  572.71000  509.71372  11.0%  41.0 1228s
 142635 78814  521.01688   45   56  572.71000  509.80086  11.0%  40.9 1233s
 143755 79738  556.48283  101   31  572.71000  509.82320  11.0%  40.9 1240s
 145090 80821  560.29583   67   42  572.71000  509.85172  11.0%  40.8 1248s
 146591 81898  515.45224   58   67  572.71000  509.89673  11.0%  40.7 1254s
 148030 82657  532.40040   48   52  572.71000  509.93580  11.0%  40.6 1259s
 149236 83751  564.24156   69   23  572.71000  509.98070  11.0%  40.6 1262s
 150633 83952  565.87242   79   40  572.71000  510.02649  10.9%  40.5 1271s
 150972 84806  516.60090   52   61  572.71000  510.03043  10.9%  40.5 1276s
 152126 85689  520.29098   65   36  572.71000  510.09206  10.9%  40.5 1282s
 153302 86480  548.44893   61   44  572.71000  510.14130  10.9%  40.4 1289s
 154518 87304  551.45728  105   46  572.71000  510.15942  10.9%  40.4 1295s
 155756 88098 infeasible   74       572.71000  510.19376  10.9%  40.3 1300s
 156849 88997  534.41924   83   38  572.71000  510.23769  10.9%  40.3 1305s
 158188 89997  521.15343   75   57  572.71000  510.27785  10.9%  40.3 1311s
 159548 90856  559.26449   42  110  572.71000  510.31143  10.9%  40.2 1316s
 160902 91694  530.29241   75   24  572.71000  510.35038  10.9%  40.2 1322s
 162127 92843  524.59800   56   44  572.71000  510.38778  10.9%  40.1 1329s
 163627 93951  516.94987   50   45  572.71000  510.42997  10.9%  40.1 1338s
 165140 94094  513.34170   55   57  572.71000  510.46039  10.9%  40.0 1349s
 165308 95047  523.38362   69   45  572.71000  510.47620  10.9%  40.0 1356s
 166888 96159  522.23878   55   44  572.71000  510.51054  10.9%  40.0 1362s
 168375 97163  532.79172   86   54  572.71000  510.54339  10.9%  39.9 1369s
 169753 98018  526.08121   55   26  572.71000  510.56542  10.9%  39.9 1375s
 170994 99194  533.95509   69   52  572.71000  510.59372  10.8%  39.9 1381s
 172652 99979  526.13217   65   92  572.71000  510.62891  10.8%  39.8 1387s
 173883 100757  538.07235   56   64  572.71000  510.65735  10.8%  39.8 1393s
 174975 101248  531.81704   80   43  572.71000  510.66832  10.8%  39.8 1399s
 175637 102247  567.41975  135   33  572.71000  510.70617  10.8%  39.8 1405s
 176952 103146  548.62462   93   71  572.71000  510.73035  10.8%  39.7 1412s
 178251 104238  537.22782   56   31  572.71000  510.78085  10.8%  39.7 1418s
 179765 105019  551.03483  122   35  572.71000  510.81415  10.8%  39.7 1423s
 181044 105968  532.06789   59   73  572.71000  510.86719  10.8%  39.7 1429s
 182416 107040  532.28225   72   47  572.71000  510.89638  10.8%  39.6 1437s
 183959 107834  520.47751   54   47  572.71000  510.93223  10.8%  39.6 1442s
 185132 108622 infeasible   91       572.71000  510.96224  10.8%  39.6 1448s
 186251 109403  518.74428   51   43  572.71000  510.99184  10.8%  39.6 1453s
 187405 110450  521.19787   75   38  572.71000  511.03132  10.8%  39.5 1459s
 188887 111253  518.06591   54   49  572.71000  511.07010  10.8%  39.5 1464s
 190013 112060  524.16521   51   32  572.71000  511.08317  10.8%  39.5 1470s
 191179 113020  525.54433   58   51  572.71000  511.10848  10.8%  39.5 1475s
 192430 113914  524.29495   68   61  572.71000  511.12119  10.8%  39.4 1481s
 193664 114854  533.45213   61   52  572.71000  511.15148  10.7%  39.4 1487s
 195047 115780  525.29016   44   64  572.71000  511.18678  10.7%  39.3 1492s
 196393 116443  515.13365   57   53  572.71000  511.21938  10.7%  39.3 1498s
 197488 117433  523.35816   66   44  572.71000  511.24691  10.7%  39.3 1505s
 198854 118357  514.01683   55   68  572.71000  511.26209  10.7%  39.3 1510s
 200121 119396  532.03799   60   30  572.71000  511.28673  10.7%  39.3 1519s
 201602 120110  523.73160   49   56  572.71000  511.30508  10.7%  39.2 1524s
 202756 121070  569.13331   77   45  572.71000  511.33007  10.7%  39.3 1529s
 204011 122143  517.25077   57   62  572.71000  511.34229  10.7%  39.2 1535s
 205430 122956  531.52590   74   45  572.71000  511.37807  10.7%  39.2 1540s
 206659 123988 infeasible   54       572.71000  511.40576  10.7%  39.2 1547s
 208202 124868  517.23489   44   85  572.71000  511.43575  10.7%  39.1 1553s
 209362 125631  552.18087  118   44  572.71000  511.45936  10.7%  39.1 1559s
 210395 126618  518.17916   58   27  572.71000  511.48372  10.7%  39.1 1565s
 211711 127570  545.83719  106   28  572.71000  511.50162  10.7%  39.1 1570s
 213239 128396  551.17227  154   52  572.71000  511.53100  10.7%  39.0 1576s
 214482 129240  518.52803   51   53  572.71000  511.55184  10.7%  39.0 1582s
 215694 130216  537.34873   86   20  572.71000  511.58763  10.7%  39.0 1587s
 216969 130633  521.59234   53   73  572.71000  511.61203  10.7%  39.0 1593s
 217606 131398 infeasible   66       572.71000  511.62552  10.7%  39.0 1599s
 218704 132551  523.04206   59   41  572.71000  511.64702  10.7%  39.0 1609s
 220393 133470  550.68381  155   52  572.71000  511.66124  10.7%  39.0 1614s
 221602 134167  541.61743   64   50  572.71000  511.68391  10.7%  38.9 1619s
 222670 135021  529.31706   66   42  572.71000  511.70133  10.7%  38.9 1624s
 223828 135810  527.58916   62   51  572.71000  511.71371  10.7%  38.9 1630s
 225067 136765  531.26420   54   95  572.71000  511.74980  10.6%  38.9 1635s
 226307 137736     cutoff   64       572.71000  511.76082  10.6%  38.8 1640s
 227653 138703  534.39736   61   64  572.71000  511.77820  10.6%  38.8 1646s
 229021 139658  524.87796   60   49  572.71000  511.81400  10.6%  38.8 1652s
 230452 140497 infeasible   54       572.71000  511.82801  10.6%  38.7 1658s
 231688 141434  546.55689   84   33  572.71000  511.84452  10.6%  38.7 1664s
 232919 142087  513.20871   51   61  572.71000  511.86761  10.6%  38.7 1669s
 233812 143135  526.20675   66   38  572.71000  511.86770  10.6%  38.7 1674s
 235211 143947  547.97488   69   28  572.71000  511.89214  10.6%  38.7 1679s
 236430 144849  522.35284   54   44  572.71000  511.92170  10.6%  38.7 1688s
 237742 145907  558.22541   68   30  572.71000  511.95272  10.6%  38.6 1694s
 239217 146717  514.28835   51   57  572.71000  511.97904  10.6%  38.6 1701s
 240520 147564  549.58116   60   43  572.71000  511.99273  10.6%  38.6 1706s
 241756 148368  530.10850   72   20  572.71000  512.00720  10.6%  38.6 1711s
 242935 149266  522.58505   66   29  572.71000  512.04083  10.6%  38.6 1716s
 244154 150318  524.98318   41   84  572.71000  512.05961  10.6%  38.6 1722s
 245577 151246  556.85707  104   45  572.71000  512.08295  10.6%  38.6 1728s
 246878 152024  532.36315   66   45  572.71000  512.10259  10.6%  38.5 1734s
 248124 152964  568.78487   75   32  572.71000  512.12532  10.6%  38.5 1740s
 249478 153767  550.69622   86   27  572.71000  512.14336  10.6%  38.5 1745s
 250687 154526  556.75981   67   48  572.71000  512.16979  10.6%  38.5 1751s
 251953 154533  518.88777   59   26  572.71000  512.19227  10.6%  38.5 1770s
 251969 155449  520.29178   60   27  572.71000  512.19316  10.6%  38.5 1775s
 253200 156232  553.02635   96   26  572.71000  512.20777  10.6%  38.5 1781s
 254537 157110  540.16953   67   57  572.71000  512.22303  10.6%  38.5 1794s
 255990 158214  559.22209   84   32  572.71000  512.23796  10.6%  38.4 1802s
 257562 159151  569.02555  102   39  572.71000  512.25802  10.6%  38.4 1810s
 258889 159991  518.60398   56   52  572.71000  512.28665  10.6%  38.4 1816s
 260410 161213  561.14427   79   23  572.71000  512.31491  10.5%  38.4 1823s
 261999 162106  545.76675  132   73  572.71000  512.34037  10.5%  38.4 1829s
 263429 163159  530.61336   74   46  572.71000  512.36946  10.5%  38.3 1836s
 264901 164171  556.16924  121   40  572.71000  512.38493  10.5%  38.3 1843s
 266461 165041  568.44764  137   40  572.71000  512.40516  10.5%  38.3 1850s
 267920 165944 infeasible   97       572.71000  512.42115  10.5%  38.3 1856s
 269184 166943  516.02298   53   74  572.71000  512.43554  10.5%  38.2 1861s
 270556 167722  560.20296   79   48  572.71000  512.45178  10.5%  38.2 1866s
 271782 168672  528.07078   56   41  572.71000  512.47933  10.5%  38.2 1871s
 273049 169773  534.96263   91   34  572.71000  512.49250  10.5%  38.2 1878s
 274470 170680  521.65736   66   50  572.71000  512.50715  10.5%  38.2 1883s
 275722 171651  549.34415  102   30  572.71000  512.53138  10.5%  38.2 1889s
 277034 172798  544.51987   69   30  572.71000  512.54950  10.5%  38.2 1896s
 278614 173650  517.13346   51   40  572.71000  512.55579  10.5%  38.1 1902s
 279803 174456  536.42662   59   52  572.71000  512.58038  10.5%  38.1 1908s
 281090 174993  550.42963   93   36  572.71000  512.59673  10.5%  38.1 1921s
 281913 175969  535.38439   98   41  572.71000  512.61887  10.5%  38.1 1928s
 283348 176333  515.44436   51   62  572.71000  512.63644  10.5%  38.1 1935s
 283847 177484  528.56334   61   51  572.71000  512.64293  10.5%  38.1 1942s
 285411 178367     cutoff   63       572.71000  512.66172  10.5%  38.1 1949s
 286855 179287  568.82770   59   25  572.71000  512.68547  10.5%  38.1 1955s
 288207 180272  531.67843   79   48  572.71000  512.70215  10.5%  38.1 1961s
 289674 181158  543.66786   82   39  572.71000  512.72594  10.5%  38.1 1968s
 290856 182248  528.41091   69   32  572.71000  512.74536  10.5%  38.0 1977s
 292385 183072     cutoff  106       572.71000  512.76385  10.5%  38.0 1982s
 293650 183971  535.58068   56   45  572.71000  512.78656  10.5%  38.0 1987s
 295031 184577  533.26958   78   45  572.71000  512.80625  10.5%  38.0 1992s
 296167 185379  523.93757   58   72  572.71000  512.83009  10.5%  38.0 1998s
 297414 186119  547.63259   86   19  572.71000  512.85051  10.5%  38.0 2003s
 298589 187188  556.75390   93   57  572.71000  512.86727  10.4%  38.0 2010s
 300052 188098  533.68519   66   55  572.71000  512.88478  10.4%  38.0 2017s
 301291 188957  518.04998   62   84  572.71000  512.89850  10.4%  38.0 2022s
 302531 189956  559.27742   82   44  572.71000  512.91991  10.4%  38.0 2028s
 303924 190773  529.14410   87   80  572.71000  512.94184  10.4%  37.9 2033s
 305253 191454 infeasible   65       572.71000  512.96662  10.4%  37.9 2039s
 306513 192347  523.87121   59   38  572.71000  512.98121  10.4%  37.9 2045s
 307802 193144  518.12896   42   89  572.71000  512.98906  10.4%  37.9 2051s
 309072 193971     cutoff   73       572.71000  513.00888  10.4%  37.9 2059s
 310513 194691  547.06155   74   38  572.71000  513.03833  10.4%  37.9 2065s
 311673 195656  560.37447   77   22  572.71000  513.05772  10.4%  37.9 2070s
 313033 196686  521.31769   55   37  572.71000  513.07112  10.4%  37.9 2076s
 314420 197600  536.66740   61   62  572.71000  513.08730  10.4%  37.9 2082s
 315802 198440  513.76119   57   70  572.71000  513.11155  10.4%  37.9 2088s
 317040 199483  525.03564   66   26  572.71000  513.12736  10.4%  37.9 2094s
 318433 200426     cutoff  131       572.71000  513.14066  10.4%  37.9 2100s
 319703 201341  540.81867   50   42  572.71000  513.15269  10.4%  37.9 2107s
 320971 202294  530.77170   72   75  572.71000  513.17467  10.4%  37.8 2114s
 322258 203311  532.31611   62   35  572.71000  513.18295  10.4%  37.8 2119s
 323742 204115 infeasible   78       572.71000  513.20575  10.4%  37.8 2125s
 324974 204996  539.00657   81   54  572.71000  513.22604  10.4%  37.8 2132s
 326233 205858  530.05760   48   51  572.71000  513.24167  10.4%  37.8 2138s
 327442 206995  538.32571   76   39  572.71000  513.25350  10.4%  37.8 2148s
 328998 207803  519.99393   58   62  572.71000  513.27520  10.4%  37.8 2154s
 330111 208700  564.86307   71   37  572.71000  513.28763  10.4%  37.8 2160s
 332593 210675  519.83237   75   70  572.71000  513.32055  10.4%  37.8 2170s
 334026 211515  515.86241   56   39  572.71000  513.34118  10.4%  37.8 2176s
 335375 212212 infeasible  109       572.71000  513.35384  10.4%  37.7 2182s
 336500 213047  536.06529   66   47  572.71000  513.36834  10.4%  37.8 2188s
 337756 214022  566.44090  129   39  572.71000  513.37776  10.4%  37.8 2193s
 339243 215021  521.13904   58   45  572.71000  513.39927  10.4%  37.8 2200s
 340708 215704  556.23988   80   15  572.71000  513.41646  10.4%  37.7 2206s
 341958 216512 infeasible   79       572.71000  513.43259  10.4%  37.7 2212s
 343319 217376  525.99449   59   38  572.71000  513.44177  10.3%  37.7 2218s
 344659 218243  566.67746   70   31  572.71000  513.46577  10.3%  37.7 2224s
 345985 218997  527.81582   58   33  572.71000  513.47681  10.3%  37.7 2231s
 347414 219940  521.15253   58   22  572.71000  513.49746  10.3%  37.8 2237s
 348754 220904  517.41184   71   85  572.71000  513.51544  10.3%  37.7 2243s
 350027 221860  519.16055   49   86  572.71000  513.51544  10.3%  37.7 2249s
 351339 222821  554.86828  137   50  572.71000  513.53406  10.3%  37.7 2256s
 352819 223699  537.96577   61   51  572.71000  513.55694  10.3%  37.7 2262s
 354014 224562  536.39551   73   48  572.71000  513.56729  10.3%  37.7 2268s
 355158 225475  518.06457   48   63  572.71000  513.58118  10.3%  37.7 2275s
 356489 226475     cutoff   59       572.71000  513.58823  10.3%  37.7 2280s
 357903 227259  529.61080   58  104  572.71000  513.60269  10.3%  37.7 2287s
 359002 228211  567.00196  115   37  572.71000  513.61286  10.3%  37.7 2293s
 360388 229085  570.26239   93   25  572.71000  513.62239  10.3%  37.7 2299s
 361584 230047  526.68090   65   52  572.71000  513.63509  10.3%  37.7 2306s
 362981 231047  519.58195   57   52  572.71000  513.64532  10.3%  37.7 2312s
 364405 232109  521.48126   49   44  572.71000  513.66748  10.3%  37.6 2319s
 366062 232493  527.57514   63   57  572.71000  513.68728  10.3%  37.6 2325s
 366536 233642  544.95133  104   16  572.71000  513.68979  10.3%  37.6 2333s
 367975 233676  546.66287   92   36  572.71000  513.69766  10.3%  37.6 2341s
 368009 234542  554.29010  101   37  572.71000  513.69891  10.3%  37.6 2349s
 369342 235453  536.58822   63   51  572.71000  513.71051  10.3%  37.6 2356s
 370728 236409 infeasible   68       572.71000  513.72595  10.3%  37.6 2362s
 372048 237396  523.51303   55   27  572.71000  513.73395  10.3%  37.6 2368s
 373420 238380  537.26818   81   56  572.71000  513.75165  10.3%  37.6 2374s
 374786 239147  531.63341   67   65  572.71000  513.76733  10.3%  37.6 2381s
 376048 240300  520.52779   60   49  572.71000  513.77668  10.3%  37.6 2387s
 377555 241304  526.81962   55   61  572.71000  513.78884  10.3%  37.6 2394s
 379196 242264  526.97056   61   39  572.71000  513.81103  10.3%  37.6 2401s
 380641 243253  540.30988   54   53  572.71000  513.82611  10.3%  37.6 2409s
 382051 244308  529.49305   78   37  572.71000  513.83631  10.3%  37.6 2416s
 383503 245327  537.21688   61   43  572.71000  513.84854  10.3%  37.5 2425s
 384978 246352  569.98000   62   16  572.71000  513.86203  10.3%  37.5 2432s
 386314 247264  525.33275   57   53  572.71000  513.87190  10.3%  37.5 2439s
 387625 248233  531.75719   73   34  572.71000  513.88695  10.3%  37.5 2446s
 389039 249039  519.05948   70   59  572.71000  513.90128  10.3%  37.5 2453s
 390277 249852  553.93203   64   38  572.71000  513.91332  10.3%  37.5 2459s
 391536 250869  551.90073   61   20  572.71000  513.93059  10.3%  37.5 2466s
 392940 251609  552.47602   85   31  572.71000  513.94406  10.3%  37.5 2475s
 394191 252473     cutoff   58       572.71000  513.95518  10.3%  37.5 2483s
 395493 253292  521.03610   62   66  572.71000  513.97083  10.3%  37.5 2491s
 396787 254079  538.52265   78   45  572.71000  513.98277  10.3%  37.5 2501s
 398117 254923  523.99388   51   34  572.71000  513.99376  10.3%  37.5 2507s
 399552 255695  531.81538   63   37  572.71000  514.00575  10.3%  37.5 2514s
 400924 256550  536.17554   69   50  572.71000  514.02378  10.2%  37.5 2520s
 402204 257433  526.31193   85   44  572.71000  514.03842  10.2%  37.5 2530s
 403538 258492  567.04225   67   24  572.71000  514.05566  10.2%  37.5 2536s
 405129 259409  515.44289   51   70  572.71000  514.07507  10.2%  37.5 2542s
 406475 260184  541.73715   94   63  572.71000  514.09159  10.2%  37.5 2548s
 407639 261223  529.29431   71   44  572.71000  514.09736  10.2%  37.5 2556s
 409149 262014  520.57381   72   37  572.71000  514.11076  10.2%  37.5 2563s
 410434 262972  545.10806   71   44  572.71000  514.12713  10.2%  37.5 2569s
 411786 263763  533.83942   62   70  572.71000  514.13690  10.2%  37.4 2575s
 412927 264766  541.69553   77   54  572.71000  514.15239  10.2%  37.4 2581s
 414425 265825  539.35891   66   48  572.71000  514.16854  10.2%  37.4 2587s
 415859 266810  527.82897   78   30  572.71000  514.17968  10.2%  37.4 2594s
 417208 267667  523.78954   51   62  572.71000  514.19250  10.2%  37.4 2600s
 418695 268415  537.49996   62   30  572.71000  514.20736  10.2%  37.4 2606s
 419781 269389  528.12529   61   33  572.71000  514.21383  10.2%  37.4 2612s
 421231 270227  522.18793   68   56  572.71000  514.22980  10.2%  37.4 2622s
 422535 271159     cutoff   61       572.71000  514.23788  10.2%  37.4 2630s
 423898 272135  518.75146   67   80  572.71000  514.26000  10.2%  37.4 2635s
 425284 273154  540.79891   82   38  572.71000  514.27783  10.2%  37.4 2642s
 426673 273998  547.24626   66   42  572.71000  514.28941  10.2%  37.4 2649s
 428017 274901  549.14490   59   18  572.71000  514.30126  10.2%  37.4 2655s
 429331 275850  554.94963   65   34  572.71000  514.31544  10.2%  37.4 2662s
 430700 276697  554.93920   86   22  572.71000  514.32800  10.2%  37.4 2669s
 431951 277745  553.01824   63   21  572.71000  514.34815  10.2%  37.4 2676s
 433413 278724  549.86764   58   43  572.71000  514.36158  10.2%  37.4 2683s
 434758 279534  539.16995  111   51  572.71000  514.37547  10.2%  37.4 2689s
 436085 280567  523.10253   56   68  572.71000  514.38732  10.2%  37.4 2699s
 437492 281651  538.89882   73   51  572.71000  514.39829  10.2%  37.4 2709s
 439038 282592  547.71898   60   24  572.71000  514.41476  10.2%  37.4 2722s
 440434 283408  536.21318   86   29  572.71000  514.42891  10.2%  37.4 2729s
 441687 284419  531.33843   93   89  572.71000  514.43738  10.2%  37.4 2736s
 443164 285469  523.01997   55   34  572.71000  514.45426  10.2%  37.4 2744s
 444628 286254  547.64858  116   42  572.71000  514.46710  10.2%  37.4 2753s
 445835 287093  530.35880   62   63  572.71000  514.47664  10.2%  37.4 2761s
 447115 288193  531.45111   64   45  572.71000  514.48616  10.2%  37.4 2770s
 448624 289050  537.36890   61   55  572.71000  514.50013  10.2%  37.4 2777s
 449893 289741  553.99272   70   43  572.71000  514.51203  10.2%  37.4 2784s
H450347 289706                     572.6000000  514.51203  10.1%  37.4 2785s
 450965 290680  542.54644   65   60  572.60000  514.51517  10.1%  37.4 2791s
 452357 291507  526.43982   66   33  572.60000  514.52845  10.1%  37.4 2801s
 453770 292406  558.72142   61   29  572.60000  514.55002  10.1%  37.4 2812s
 454976 293481     cutoff   70       572.60000  514.55686  10.1%  37.4 2834s
2735s
 609176 394852  521.76607   61   75  572.60000  515.75641  9.93%  37.1 2742s
 610549 395087  548.00603   68   73  572.60000  515.76589  9.93%  37.1 2751s
 611023 395956  547.67476   68   35  572.60000  515.77417  9.92%  37.1 2759s
 612513 396397  531.11606   64   38  572.60000  515.78010  9.92%  37.1 2769s
 613309 397436  532.10655   56   29  572.60000  515.78303  9.92%  37.2 2776s
 614960 398427  540.31550   75   51  572.60000  515.80074  9.92%  37.2 2783s
 616419 399438     cutoff   58       572.60000  515.80632  9.92%  37.2 2790s
 618137 400265  529.32282   61   82  572.60000  515.82103  9.92%  37.1 2798s
 619583 401224  526.69194   68   81  572.60000  515.82862  9.91%  37.1 2806s
 621145 402251  532.14266   53   24  572.60000  515.83760  9.91%  37.1 2813s
 622700 403063  565.21775   87   26  572.60000  515.84872  9.91%  37.1 2822s
 624070 404104  531.51119   76   53  572.60000  515.85860  9.91%  37.1 2829s
 625646 405164  556.23148   85   44  572.60000  515.87045  9.91%  37.1 2836s
 627154 406174  565.87289  123   30  572.60000  515.87771  9.91%  37.1 2844s
 628624 407114  528.49108   77   57  572.60000  515.88986  9.90%  37.1 2852s
 629909 408126  563.90209  113   48  572.60000  515.89828  9.90%  37.1 2860s
 631537 409073  539.23812   53   24  572.60000  515.91179  9.90%  37.1 2868s
 633224 410063  529.55477   51   43  572.60000  515.92209  9.90%  37.1 2874s
 634629 411004     cutoff  151       572.60000  515.92791  9.90%  37.1 2882s
 635986 411999  526.62643   80   90  572.60000  515.93927  9.90%  37.1 2889s
 637380 413039  543.34526   88   50  572.60000  515.94716  9.89%  37.1 2896s
 638859 413995  566.16904  105   37  572.60000  515.95562  9.89%  37.1 2903s
 640393 414857  536.05191   62   34  572.60000  515.96441  9.89%  37.1 2914s
 641848 415742  563.85843  101   38  572.60000  515.98040  9.89%  37.1 2921s
 643147 416706     cutoff   72       572.60000  515.98978  9.89%  37.1 2930s
 644591 417666  525.91690   66  110  572.60000  515.99805  9.89%  37.1 2940s
 646124 418663  570.21240   64   26  572.60000  516.00669  9.88%  37.1 2950s
 647626 419593  554.12900   69   75  572.60000  516.02166  9.88%  37.1 2958s
 649078 420403  539.17035   65   37  572.60000  516.02995  9.88%  37.1 2966s
 650416 421417  537.17234   99   63  572.60000  516.03999  9.88%  37.1 2972s
 651925 422406  543.65118   80   33  572.60000  516.05318  9.88%  37.1 2980s
 653506 423321  557.31430   66   71  572.60000  516.06410  9.87%  37.1 2987s
 655034 424207  537.92343   76   60  572.60000  516.07412  9.87%  37.1 2995s
 656381 425168  563.55449  106   25  572.60000  516.08468  9.87%  37.1 3003s
 657913 426191  523.05938   62   41  572.60000  516.09306  9.87%  37.1 3011s
 659506 427052  559.10178   59   34  572.60000  516.09852  9.87%  37.1 3020s
 660905 428070 infeasible   96       572.60000  516.10826  9.87%  37.1 3028s
 662345 429256     cutoff   77       572.60000  516.11654  9.86%  37.1 3035s
 664031 430308  555.78779   76   49  572.60000  516.12788  9.86%  37.1 3042s
 665534 431415  523.91669   56   30  572.60000  516.13568  9.86%  37.1 3049s
 667116 432266     cutoff   93       572.60000  516.14260  9.86%  37.1 3056s
 668503 432273  543.55505   90   36  572.60000  516.15762  9.86%  37.1 3081s
 668518 433446  543.55505   91   36  572.60000  516.15945  9.86%  37.1 3088s
 670025 434309  522.89350   93   76  572.60000  516.16616  9.86%  37.1 3095s
 671442 435396  571.29629  206   47  572.60000  516.16947  9.86%  37.0 3102s
 672970 436303  525.74509   56   60  572.60000  516.18099  9.85%  37.0 3111s
 674346 437030  531.17777   67   45  572.60000  516.18568  9.85%  37.0 3118s
 675624 437814  524.81814   54   49  572.60000  516.19368  9.85%  37.0 3125s
 676968 438752  535.70000   68   31  572.60000  516.20443  9.85%  37.1 3132s
 678439 439723  530.34972   69   59  572.60000  516.21069  9.85%  37.1 3143s
 680002 440593  523.13467   55   81  572.60000  516.22204  9.85%  37.1 3154s
 681352 441505     cutoff   77       572.60000  516.22955  9.84%  37.0 3161s
 682695 442629  519.08551   61   33  572.60000  516.23877  9.84%  37.0 3170s
 684318 443436  551.68565   75   33  572.60000  516.24639  9.84%  37.0 3178s
 685669 444283  546.97876  107   33  572.60000  516.25541  9.84%  37.0 3185s
 687187 445105     cutoff   68       572.60000  516.26478  9.84%  37.0 3193s
 688577 446016  548.02182   76   44  572.60000  516.27539  9.84%  37.0 3203s
 690114 447084     cutoff   75       572.60000  516.28466  9.84%  37.0 3214s
 691595 448147  563.65475  102   28  572.60000  516.29278  9.83%  37.0 3223s
 693096 449005  524.81464   63   45  572.60000  516.30003  9.83%  37.0 3230s
 694482 450099  528.68410   66   53  572.60000  516.30854  9.83%  37.0 3237s
 696089 450938  523.22912   75   36  572.60000  516.31974  9.83%  37.0 3248s
 697296 451787  524.93738   69   84  572.60000  516.32437  9.83%  37.0 3271s
 698754 452785  533.70896   58   36  572.60000  516.33582  9.83%  37.0 3302s
