
Gurobi 11.0.2 (linux64, gurobi_cl) logging started Sat Aug 10 15:50:40 2024

Set parameter Username
Set parameter LogFile to value "gurobi.log"
Using license file /home/karthik/gurobi.lic
Academic license - for non-commercial use only - expires 2025-06-26

Gurobi Optimizer version 11.0.2 build v11.0.2rc0 (linux64 - "Ubuntu 20.04.6 LTS")
Copyright (c) 2024, Gurobi Optimization, LLC

Read LP format model from file /tmp/8c8d50baf70d43ae9885ebd176f16e20-pulp.lp
Reading time = 0.02 seconds
OBJ: 8153 rows, 4050 columns, 34132 nonzeros

CPU model: 12th Gen Intel(R) Core(TM) i5-1235U, instruction set [SSE2|AVX|AVX2]
Thread count: 12 physical cores, 12 logical processors, using up to 12 threads

Optimize a model with 8153 rows, 4050 columns and 34132 nonzeros
Model fingerprint: 0xf6f38c8e
Variable types: 233 continuous, 3817 integer (3817 binary)
Coefficient statistics:
  Matrix range     [1e+00, 1e+08]
  Objective range  [4e-01, 1e+02]
  Bounds range     [1e+00, 1e+03]
  RHS range        [1e+00, 1e+08]
Presolve removed 1318 rows and 99 columns
Presolve time: 0.07s
Presolved: 6835 rows, 3951 columns, 31472 nonzeros
Variable types: 190 continuous, 3761 integer (3761 binary)

Root relaxation: objective 3.685981e+02, 1364 iterations, 0.06 seconds (0.10 work units)

    Nodes    |    Current Node    |     Objective Bounds      |     Work
 Expl Unexpl |  Obj  Depth IntInf | Incumbent    BestBd   Gap | It/Node Time

     0     0  368.59811    0   53          -  368.59811      -     -    0s
H    0     0                    1235.1700000  368.59811  70.2%     -    0s
     0     0  375.00490    0   69 1235.17000  375.00490  69.6%     -    0s
H    0     0                    1189.5700000  375.00490  68.5%     -    0s
H    0     0                    1022.4000000  375.15364  63.3%     -    0s
     0     0  375.15364    0  102 1022.40000  375.15364  63.3%     -    0s
     0     0  375.15364    0  102 1022.40000  375.15364  63.3%     -    0s
H    0     0                     759.7600000  418.83442  44.9%     -    0s
H    0     0                     735.3300000  418.83442  43.0%     -    0s
     0     0  418.83442    0   82  735.33000  418.83442  43.0%     -    0s
H    0     0                     734.8400000  419.22000  43.0%     -    1s
     0     0  419.66632    0   82  734.84000  419.66632  42.9%     -    1s
     0     0  419.66632    0   70  734.84000  419.66632  42.9%     -    1s
     0     0  423.31545    0   73  734.84000  423.31545  42.4%     -    1s
     0     0  423.31545    0   70  734.84000  423.31545  42.4%     -    1s
H    0     0                     689.7500000  423.31545  38.6%     -    1s
H    0     0                     677.7500000  423.31545  37.5%     -    1s
     0     0  430.41607    0   75  677.75000  430.41607  36.5%     -    1s
     0     0  430.52998    0   76  677.75000  430.52998  36.5%     -    1s
     0     0  430.53164    0   79  677.75000  430.53164  36.5%     -    1s
     0     0  431.53538    0   94  677.75000  431.53538  36.3%     -    1s
H    0     0                     633.4000000  431.53538  31.9%     -    1s
     0     0  432.43928    0   91  633.40000  432.43928  31.7%     -    1s
     0     0  432.53483    0   97  633.40000  432.53483  31.7%     -    1s
     0     0  432.53880    0   99  633.40000  432.53880  31.7%     -    1s
     0     0  434.96632    0   85  633.40000  434.96632  31.3%     -    1s
H    0     0                     627.9800000  434.96632  30.7%     -    1s
     0     0  434.98454    0   66  627.98000  434.98454  30.7%     -    1s
     0     0  435.05641    0  105  627.98000  435.05641  30.7%     -    1s
     0     0  435.05818    0  107  627.98000  435.05818  30.7%     -    1s
     0     0  435.06233    0  120  627.98000  435.06233  30.7%     -    2s
     0     0  435.06233    0  119  627.98000  435.06233  30.7%     -    2s
     0     2  435.28233    0  119  627.98000  435.28233  30.7%     -    2s
    87    90  446.09675    9   54  627.98000  439.00703  30.1%  80.6    5s
H   92    90                     626.5000000  439.00703  29.9%  80.2    5s
H  985   864                     615.3000000  439.00703  28.7%  41.2    9s
  1153  1046  537.02890  112   26  615.30000  439.00703  28.7%  39.6   10s
  2041  1707  487.68807   35   80  615.30000  441.87112  28.2%  37.0   15s
H 2075  1643                     610.4700000  441.87455  27.6%  40.1   16s
H 2118  1595                     610.1900000  443.46954  27.3%  42.3   19s
H 2126  1515                     609.7100000  443.46954  27.3%  42.6   19s
  2211  1576  494.46487   24   57  609.71000  444.87989  27.0%  45.0   20s
  3170  2076  478.29351   25   67  609.71000  444.87989  27.0%  51.1   25s
  4057  2376  561.05516   60   61  609.71000  444.87989  27.0%  51.9   31s
H 4064  2298                     608.4800000  444.87989  26.9%  51.8   31s
  4895  2721  498.23996   31   29  608.48000  451.47721  25.8%  52.2   35s
H 4985  2410                     585.7700000  451.47721  22.9%  52.3   35s
H 6079  2914                     584.9100000  451.47721  22.8%  53.0   39s
  6346  3047  549.92045   63   45  584.91000  451.47721  22.8%  52.8   40s
H 7141  3548                     582.7600000  473.52768  18.7%  52.9   42s
  8216  4393  526.09888   36   63  582.76000  475.44177  18.4%  53.0   45s
 10498  6168  504.58033   30   91  582.76000  483.04988  17.1%  52.4   50s
 12991  8055  567.60845   56   90  582.76000  486.73404  16.5%  51.9   55s
 14879  9499  495.69452   32   57  582.76000  489.63866  16.0%  51.9   60s
 16965 11426  508.27639   53   51  582.76000  490.85209  15.8%  51.3   65s
*19352 12334             102     580.6500000  492.12746  15.2%  50.7   69s
 19385 13050  525.84695   40   86  580.65000  492.32446  15.2%  50.7   71s
 22002 14768  561.08031   53   67  580.65000  493.08191  15.1%  50.3   76s
 24947 16962  556.43210   71   69  580.65000  493.93536  14.9%  49.6   81s
H25054 16365                     574.5500000  493.98836  14.0%  49.6   81s
H25443 16083                     572.7100000  494.06764  13.7%  49.6   81s
 26554 17320  515.94442   23   81  572.71000  494.56482  13.6%  49.8   85s
 27497 17662  532.73379   67   56  572.71000  494.56482  13.6%  49.9  100s
 29216 19275  516.41168   37   44  572.71000  495.10455  13.6%  49.9  105s
 32220 20761  543.37685   50   54  572.71000  495.63628  13.5%  50.3  110s
 33982 22858  509.50438   35   71  572.71000  496.13634  13.4%  50.0  115s
 36631 23758  528.54985   43  119  572.71000  496.57565  13.3%  49.9  152s
 36641 23765  514.99873   47  128  572.71000  496.57565  13.3%  49.9  155s
 36650 23771  526.65213   71  152  572.71000  496.57565  13.3%  49.9  160s
 36656 23775  553.60289   88  167  572.71000  496.57565  13.3%  49.9  165s
 36665 23781  559.91176   66  207  572.71000  496.57565  13.3%  49.9  170s
 36672 23785  506.36230   43  205  572.71000  496.57565  13.3%  49.9  175s
 36681 23791  516.45984   43  216  572.71000  496.57565  13.3%  49.9  180s
 36689 23797  518.39861   49  202  572.71000  496.57565  13.3%  49.9  185s
 36697 23802  527.78170   58  220  572.71000  496.57565  13.3%  49.9  190s
 36706 23808  550.28485   48  206  572.71000  496.57565  13.3%  49.8  195s
 36714 23813  499.80963   37  217  572.71000  496.57565  13.3%  49.8  200s
 36721 23818  560.10297  154  213  572.71000  496.57565  13.3%  49.8  205s
 36727 23822  503.07891   38  256  572.71000  496.57565  13.3%  49.8  210s
 36735 23827  571.88800  108  286  572.71000  496.57565  13.3%  49.8  215s
 36742 23832  511.12402   71  302  572.71000  496.57565  13.3%  49.8  220s
 36748 23836  538.11559   30  309  572.71000  496.57565  13.3%  49.8  225s
 36755 23841  528.03106   58  305  572.71000  496.57565  13.3%  49.8  230s
 36761 23845  553.83508   59  305  572.71000  496.57565  13.3%  49.8  235s
 36772 23861  496.57565   30  256  572.71000  496.57565  13.3%  50.9  240s
 36947 23919  500.72725   38   92  572.71000  496.57565  13.3%  51.9  245s
 37192 24004  504.73689   44  109  572.71000  496.57565  13.3%  52.3  250s
 37469 24098  519.85999   51   85  572.71000  496.57565  13.3%  52.5  255s
 37857 24218  502.85954   46   97  572.71000  496.57565  13.3%  52.8  260s
 38123 24252  563.83119   61   95  572.71000  496.57565  13.3%  53.0  265s
 38521 24460  561.85845   65   59  572.71000  496.57565  13.3%  53.0  271s
 39164 24669  547.29920   96   52  572.71000  496.57565  13.3%  53.4  275s
 40005 25029  518.92744   62   85  572.71000  496.57565  13.3%  53.7  280s
 40288 25122  529.41774   89   37  572.71000  496.57565  13.3%  53.7  285s
 41765 25861  554.89160   53   34  572.71000  500.56181  12.6%  53.6  291s
 43259 26477  564.56165   57   42  572.71000  501.61904  12.4%  53.1  295s
 44737 27232  555.73255   37   71  572.71000  501.85153  12.4%  52.7  300s
 46728 28250  511.42567   74   59  572.71000  501.99967  12.3%  51.8  307s
 48088 28770  508.45255   53   60  572.71000  502.45295  12.3%  51.4  311s
 49574 29593  520.40528   71   67  572.71000  502.88171  12.2%  50.9  315s
 51550 30583  510.96165   52   48  572.71000  503.32512  12.1%  50.2  320s
 54617 32092  519.13744   60   33  572.71000  503.92347  12.0%  49.2  328s
 55950 32273  517.72975   60   30  572.71000  504.06159  12.0%  48.9  332s
 57823 33246  520.01200   63   47  572.71000  504.47577  11.9%  48.4  335s
 60800 34532  521.38187   61   20  572.71000  504.84185  11.9%  47.7  342s
 62862 35243  524.40491   70   27  572.71000  505.13616  11.8%  47.2  349s
 63611 35887  514.09742   54   55  572.71000  505.22605  11.8%  47.0  352s
 66088 36674  523.25362   56   39  572.71000  505.53569  11.7%  46.7  357s
 67349 37210  519.19283   57   47  572.71000  505.65381  11.7%  46.5  360s
 69923 38233  517.13961   56   50  572.71000  506.02314  11.6%  46.1  366s
 72331 39636  523.95735   71   45  572.71000  506.17582  11.6%  45.7  373s
 73945 40038  522.26906   58   46  572.71000  506.20807  11.6%  45.5  376s
 75281 40548  509.15586   50   59  572.71000  506.44599  11.6%  45.4  383s
 76573 41095  545.31448  100   40  572.71000  506.55539  11.6%  45.3  386s
 77784 41734  517.81353   62   83  572.71000  506.61827  11.5%  45.2  390s
 80436 42992  548.98801   53   35  572.71000  506.74971  11.5%  44.9  397s
 82083 43438  546.06370   58   52  572.71000  506.85629  11.5%  44.7  400s
 85007 44491  561.56460   98   28  572.71000  507.08779  11.5%  44.4  406s
 86910 45540  509.56003   53   72  572.71000  507.22720  11.4%  44.2  412s
 88537 45989  510.62331   51   46  572.71000  507.33817  11.4%  44.0  415s
 91062 47737  531.83593  100   56  572.71000  507.48978  11.4%  43.7  423s
 93171 47751  517.20322   50   83  572.71000  507.58521  11.4%  43.4  426s
 95039 48316  536.40397   96   71  572.71000  507.71727  11.3%  43.4  431s
 97414 49486  511.64852   59   62  572.71000  507.82350  11.3%  43.4  437s
 98628 49974  531.22900   73   32  572.71000  507.90412  11.3%  43.2  440s
 100924 50930  547.32543   60   45  572.71000  508.01793  11.3%  43.1  445s

Gurobi 11.0.2 (linux64, gurobi_cl) logging started Sat Aug 10 15:58:09 2024

Set parameter Username
Set parameter LogFile to value "gurobi.log"
Using license file /home/karthik/gurobi.lic
Academic license - for non-commercial use only - expires 2025-06-26

Gurobi Optimizer version 11.0.2 build v11.0.2rc0 (linux64 - "Ubuntu 20.04.6 LTS")
Copyright (c) 2024, Gurobi Optimization, LLC

Read LP format model from file /tmp/1accc225fe7f41d887001ee604e3d95e-pulp.lp
Reading time = 0.07 seconds
OBJ: 8153 rows, 4050 columns, 34132 nonzeros

CPU model: 12th Gen Intel(R) Core(TM) i5-1235U, instruction set [SSE2|AVX|AVX2]
Thread count: 12 physical cores, 12 logical processors, using up to 12 threads

Optimize a model with 8153 rows, 4050 columns and 34132 nonzeros
Model fingerprint: 0xf6f38c8e
Variable types: 233 continuous, 3817 integer (3817 binary)
Coefficient statistics:
  Matrix range     [1e+00, 1e+08]
  Objective range  [4e-01, 1e+02]
  Bounds range     [1e+00, 1e+03]
  RHS range        [1e+00, 1e+08]
Presolve removed 1318 rows and 99 columns
Presolve time: 0.39s
Presolved: 6835 rows, 3951 columns, 31472 nonzeros
Variable types: 190 continuous, 3761 integer (3761 binary)

Root relaxation: objective 3.685981e+02, 1364 iterations, 0.45 seconds (0.10 work units)

    Nodes    |    Current Node    |     Objective Bounds      |     Work
 Expl Unexpl |  Obj  Depth IntInf | Incumbent    BestBd   Gap | It/Node Time

     0     0  368.59811    0   53          -  368.59811      -     -    1s
H    0     0                    1235.1700000  368.59811  70.2%     -    2s
     0     0  375.00490    0   69 1235.17000  375.00490  69.6%     -    2s
H    0     0                    1189.5700000  375.00490  68.5%     -    2s
H    0     0                    1022.4000000  375.15364  63.3%     -    2s
     0     0  375.15364    0  102 1022.40000  375.15364  63.3%     -    2s
     0     0  375.15364    0  102 1022.40000  375.15364  63.3%     -    3s
 103086 52154  518.20670   59   43  572.71000  508.12864  11.3%  42.9  451s
H    0     0                     759.7600000  418.83442  44.9%     -    3s
H    0     0                     735.3300000  418.83442  43.0%     -    3s
     0     0  418.83442    0   82  735.33000  418.83442  43.0%     -    3s
H    0     0                     734.8400000  419.22000  43.0%     -    3s
     0     0  419.66632    0   82  734.84000  419.66632  42.9%     -    3s
     0     0  419.66632    0   70  734.84000  419.66632  42.9%     -    3s
     0     0  423.31545    0   73  734.84000  423.31545  42.4%     -    4s
     0     0  423.31545    0   70  734.84000  423.31545  42.4%     -    4s
H    0     0                     689.7500000  423.31545  38.6%     -    4s
H    0     0                     677.7500000  423.31545  37.5%     -    4s
     0     0  430.41607    0   75  677.75000  430.41607  36.5%     -    4s
     0     0  430.52998    0   76  677.75000  430.52998  36.5%     -    4s
     0     0  430.53164    0   79  677.75000  430.53164  36.5%     -    5s
     0     0  431.53538    0   94  677.75000  431.53538  36.3%     -    5s
H    0     0                     633.4000000  431.53538  31.9%     -    5s
     0     0  432.43928    0   91  633.40000  432.43928  31.7%     -    5s
     0     0  432.53483    0   97  633.40000  432.53483  31.7%     -    5s
     0     0  432.53880    0   99  633.40000  432.53880  31.7%     -    5s
     0     0  434.96632    0   85  633.40000  434.96632  31.3%     -    5s
H    0     0                     627.9800000  434.96632  30.7%     -    6s
     0     0  434.98454    0   66  627.98000  434.98454  30.7%     -    6s
     0     0  435.05641    0  105  627.98000  435.05641  30.7%     -    6s
     0     0  435.05818    0  107  627.98000  435.05818  30.7%     -    6s
     0     0  435.06233    0  120  627.98000  435.06233  30.7%     -    6s
     0     0  435.06233    0  119  627.98000  435.06233  30.7%     -    6s
     0     2  435.28233    0  119  627.98000  435.28233  30.7%     -    6s
 104437 52482  554.74054   68   21  572.71000  508.19080  11.3%  42.8  455s
    50    56  442.58437    7   70  627.98000  439.00703  30.1%  89.2   10s
 105454 53006  525.48302   69   61  572.71000  508.23617  11.3%  42.7  460s
    87    90  446.09675    9   54  627.98000  439.00703  30.1%  80.6   16s
H   92    90                     626.5000000  439.00703  29.9%  80.2   16s
 106575 53605  557.26964   78   25  572.71000  508.26004  11.3%  42.6  466s
   322   329  482.80299   23   54  626.50000  439.00703  29.9%  57.5   20s
 107896 53948  528.67798   70   34  572.71000  508.32755  11.2%  42.5  471s
   983   869  533.83992   92   22  626.50000  439.00703  29.9%  41.2   25s
H  985   864                     615.3000000  439.00703  28.7%  41.2   25s
  1918  1695  573.08163   65   49  615.30000  441.87112  28.2%  37.3   30s
 109049 54501  522.34883   67   53  572.71000  508.40217  11.2%  42.5  482s
  2038  1705  485.42958   36   84  615.30000  441.87112  28.2%  37.1   35s
H 2075  1643                     610.4700000  441.87455  27.6%  40.1   39s
  2081  1653  470.93616   18   71  610.47000  441.87455  27.6%  40.3   40s
 110079 56383  527.93151   48   62  572.71000  508.43285  11.2%  42.5  491s
  2117  1677  485.11327   20   65  610.47000  443.46954  27.4%  42.4   46s
H 2118  1595                     610.1900000  443.46954  27.3%  42.3   46s
H 2126  1515                     609.7100000  443.46954  27.3%  42.6   46s
 112746 57761  556.19571   73   30  572.71000  508.53607  11.2%  42.3  496s
  2282  1620  517.16123   28   78  609.71000  444.87989  27.0%  46.9   50s
 114633 58664  511.36319   50   55  572.71000  508.62442  11.2%  42.2  501s
  2889  1935 infeasible   54       609.71000  444.87989  27.0%  50.6   55s
 115959 59849 infeasible   52       572.71000  508.73580  11.2%  42.2  506s
  3616  2250  506.61552   36   53  609.71000  444.87989  27.0%  51.8   60s
 117590 60929  555.65527   87   32  572.71000  508.80434  11.2%  42.1  511s
  3928  2407  527.75967   50   67  609.71000  444.87989  27.0%  51.9   65s
 119063 61762  547.60411   47   69  572.71000  508.86126  11.1%  42.0  515s
H 4064  2298                     608.4800000  444.87989  26.9%  51.8   69s
  4069  2434  569.73832   60   50  608.48000  444.87989  26.9%  51.9   70s
 120214 62790  541.50351   81   40  572.71000  508.92465  11.1%  42.0  520s
 121528 63849  568.42333   76   40  572.71000  508.98863  11.1%  41.9  525s
  4895  2721  498.23996   31   29  608.48000  451.47721  25.8%  52.2   76s
H 4985  2410                     585.7700000  451.47721  22.9%  52.3   76s
  5525  2660  499.71694   46   58  585.77000  451.47721  22.9%  53.2   81s
 123090 64816  535.14619  119   46  572.71000  509.06148  11.1%  41.8  530s
H 6079  2914                     584.9100000  451.47721  22.8%  53.0   85s
 124504 65880  526.95916   60   61  572.71000  509.12279  11.1%  41.8  535s
  7131  3593  504.87801   29   81  584.91000  473.52768  19.0%  52.8   90s
H 7141  3548                     582.7600000  473.52768  18.7%  52.9   90s
 125913 66730  513.47498   53   79  572.71000  509.16275  11.1%  41.7  540s
  8216  4393  526.09888   36   63  582.76000  475.44177  18.4%  53.0   95s
 127016 67278  542.13892  117   38  572.71000  509.19116  11.1%  41.6  547s
  9248  5286  553.30284   36   71  582.76000  478.87040  17.8%  52.2  100s
 10054  5827  508.82098   24  105  582.76000  481.00393  17.5%  52.1  106s
 127858 68924  530.85136   62   55  572.71000  509.22718  11.1%  41.6  557s
 10961  6483 infeasible   29       582.76000  483.04988  17.1%  52.2  112s
 11372  6869  520.17461   41   95  582.76000  483.38229  17.1%  52.2  115s
 129957 69714  545.76663   83   46  572.71000  509.29589  11.1%  41.4  565s
 12497  7662  526.60130   33   92  582.76000  486.73404  16.5%  51.6  120s
 131158 70921  534.23133   54   26  572.71000  509.36078  11.1%  41.5  571s
 13525  8396  540.87610   41   72  582.76000  488.13929  16.2%  52.0  126s
 13985  8828  550.53513   28   72  582.76000  488.51898  16.2%  52.2  130s
 132784 72107  529.06512   42   97  572.71000  509.39657  11.1%  41.4  579s
 134279 73297  533.59874   64   45  572.71000  509.46411  11.0%  41.3  585s
 14879  9499  495.69452   32   57  582.76000  489.63866  16.0%  51.9  137s
 15484 10132  495.97937   42   55  582.76000  489.63866  16.0%  51.7  141s
 135811 74194  525.48691   58   40  572.71000  509.52557  11.0%  41.2  591s
 137263 75294  524.08047   66   47  572.71000  509.59040  11.0%  41.2  596s
 16965 11426  508.27639   53   51  582.76000  490.85209  15.8%  51.3  148s
 17985 12069  512.25188   57   41  582.76000  491.56251  15.6%  50.6  155s
 140028 77202  538.96324   74   42  572.71000  509.65594  11.0%  41.0  606s
 18793 12414  528.63851   70   67  582.76000  492.09261  15.6%  50.7  160s
*19352 12334             102     580.6500000  492.12746  15.2%  50.7  160s
 141430 78010  544.65282   84   43  572.71000  509.71372  11.0%  41.0  612s
 19385 13050  525.84695   40   86  580.65000  492.32446  15.2%  50.7  165s
 142635 78814  521.01688   45   56  572.71000  509.80086  11.0%  40.9  617s
 20343 13724  509.91944   57   51  580.65000  492.54328  15.2%  50.4  170s
 21297 14218  549.02830   47   39  580.65000  492.82521  15.1%  50.4  175s
 143755 79738  556.48283  101   31  572.71000  509.82320  11.0%  40.9  624s
 22771 15488  530.89822   65   38  580.65000  493.22225  15.1%  50.2  182s
 145090 80821  560.29583   67   42  572.71000  509.85172  11.0%  40.8  633s
 23731 16481  531.56247   72   41  580.65000  493.52252  15.0%  49.9  188s
 146591 81898  515.45224   58   67  572.71000  509.89673  11.0%  40.7  638s
 24947 16962  556.43210   71   69  580.65000  493.93536  14.9%  49.6  192s
H25054 16365                     574.5500000  493.98836  14.0%  49.6  192s
H25443 16083                     572.7100000  494.06764  13.7%  49.6  192s
 148030 82657  532.40040   48   52  572.71000  509.93580  11.0%  40.6  643s
 25641 16637  516.79592   55   82  572.71000  494.09856  13.7%  49.6  197s
 149236 83751  564.24156   69   23  572.71000  509.98070  11.0%  40.6  648s
 26554 17320  515.94442   23   81  572.71000  494.56482  13.6%  49.8  202s
 150633 83952  565.87242   79   40  572.71000  510.02649  10.9%  40.5  657s
 150972 84806  516.60090   52   61  572.71000  510.03043  10.9%  40.5  664s
 152126 85689  520.29098   65   36  572.71000  510.09206  10.9%  40.5  670s
 153302 86480  548.44893   61   44  572.71000  510.14130  10.9%  40.4  677s
 154518 87304  551.45728  105   46  572.71000  510.15942  10.9%  40.4  684s
 155756 88098 infeasible   74       572.71000  510.19376  10.9%  40.3  690s
 27497 17662  532.73379   67   56  572.71000  494.56482  13.6%  49.9  245s
 156849 88997  534.41924   83   38  572.71000  510.23769  10.9%  40.3  695s
 27941 18519  544.49770  102   64  572.71000  494.94546  13.6%  50.0  253s
 158188 89997  521.15343   75   57  572.71000  510.27785  10.9%  40.3  702s
 29216 19275  516.41168   37   44  572.71000  495.10455  13.6%  49.9  259s
 159548 90856  559.26449   42  110  572.71000  510.31143  10.9%  40.2  708s
 30354 20177  547.66241   57   52  572.71000  495.20091  13.5%  50.2  266s
 160902 91694  530.29241   75   24  572.71000  510.35038  10.9%  40.2  715s
 162127 92843  524.59800   56   44  572.71000  510.38778  10.9%  40.1  721s
 31579 20761  533.61722   75   43  572.71000  495.63628  13.5%  50.2  273s
 32420 21821  500.43754   42   70  572.71000  495.78041  13.4%  50.3  281s
 163627 93951  516.94987   50   45  572.71000  510.42997  10.9%  40.1  729s
 33982 22858  509.50438   35   71  572.71000  496.13634  13.4%  50.0  287s
 35433 23757  507.43006   35   80  572.71000  496.38568  13.3%  49.8  292s
 165140 94094  513.34170   55   57  572.71000  510.46039  10.9%  40.0  741s
 165308 95047  523.38362   69   45  572.71000  510.47620  10.9%  40.0  747s
 166888 96159  522.23878   55   44  572.71000  510.51054  10.9%  40.0  751s
 168375 97163  532.79172   86   54  572.71000  510.54339  10.9%  39.9  755s
 170994 99194  533.95509   69   52  572.71000  510.59372  10.8%  39.9  763s
 172652 99979  526.13217   65   92  572.71000  510.62891  10.8%  39.8  768s
 173883 100757  538.07235   56   64  572.71000  510.65735  10.8%  39.8  771s
 174975 101248  531.81704   80   43  572.71000  510.66832  10.8%  39.8  776s
 175637 102247  567.41975  135   33  572.71000  510.70617  10.8%  39.8  781s
 176952 103146  548.62462   93   71  572.71000  510.73035  10.8%  39.7  786s
 179765 105019  551.03483  122   35  572.71000  510.81415  10.8%  39.7  794s
 181044 105968  532.06789   59   73  572.71000  510.86719  10.8%  39.7  798s
 182416 107040  532.28225   72   47  572.71000  510.89638  10.8%  39.6  805s
 185132 108622 infeasible   91       572.71000  510.96224  10.8%  39.6  815s
 186251 109403  518.74428   51   43  572.71000  510.99184  10.8%  39.6  820s
 36631 23758  528.54985   43  119  572.71000  496.57565  13.3%  49.9  378s
 188887 111253  518.06591   54   49  572.71000  511.07010  10.8%  39.5  827s
 36634 23760  543.62788   49   85  572.71000  496.57565  13.3%  49.9  380s
 190013 112060  524.16521   51   32  572.71000  511.08317  10.8%  39.5  831s
 36644 23767  510.16849   31  127  572.71000  496.57565  13.3%  49.9  386s
 192430 113914  524.29495   68   61  572.71000  511.12119  10.8%  39.4  838s
 36647 23769  513.74127   59  136  572.71000  496.57565  13.3%  49.9  392s
 193664 114854  533.45213   61   52  572.71000  511.15148  10.7%  39.4  842s
 36651 23771  527.98280   59  164  572.71000  496.57565  13.3%  49.9  396s
 195047 115780  525.29016   44   64  572.71000  511.18678  10.7%  39.3  847s
 36654 23773  520.79166   33  136  572.71000  496.57565  13.3%  49.9  400s
 196393 116443  515.13365   57   53  572.71000  511.21938  10.7%  39.3  851s
 36657 23775  546.27668  114  143  572.71000  496.57565  13.3%  49.9  405s
 197488 117433  523.35816   66   44  572.71000  511.24691  10.7%  39.3  855s
 36661 23778  553.83508   59  184  572.71000  496.57565  13.3%  49.9  410s
 36663 23779  542.93358   67  170  572.71000  496.57565  13.3%  49.9  415s
 200121 119396  532.03799   60   30  572.71000  511.28673  10.7%  39.3  865s
 36665 23781  559.91176   66  207  572.71000  496.57565  13.3%  49.9  420s
 202756 121070  569.13331   77   45  572.71000  511.33007  10.7%  39.3  873s
 36669 23783  551.80985   94  215  572.71000  496.57565  13.3%  49.9  426s
 204011 122143  517.25077   57   62  572.71000  511.34229  10.7%  39.2  877s
 36671 23785  564.03790   25  201  572.71000  496.57565  13.3%  49.9  430s
 205430 122956  531.52590   74   45  572.71000  511.37807  10.7%  39.2  881s
 206659 123988 infeasible   54       572.71000  511.40576  10.7%  39.2  885s
 36675 23787  547.86343   50  227  572.71000  496.57565  13.3%  49.9  436s
 36677 23789  538.74782   51  237  572.71000  496.57565  13.3%  49.9  442s
 209362 125631  552.18087  118   44  572.71000  511.45936  10.7%  39.1  892s
 210395 126618  518.17916   58   27  572.71000  511.48372  10.7%  39.1  896s
 36681 23791  516.45984   43  216  572.71000  496.57565  13.3%  49.9  448s
 211711 127570  545.83719  106   28  572.71000  511.50162  10.7%  39.1  900s
 36682 23792  519.30862   48  243  572.71000  496.57565  13.3%  49.9  452s
 36683 23793  554.19648   70  207  572.71000  496.57565  13.3%  49.9  455s
 214482 129240  518.52803   51   53  572.71000  511.55184  10.7%  39.0  908s
 36686 23795  496.94713   44  187  572.71000  496.57565  13.3%  49.9  462s
 215694 130216  537.34873   86   20  572.71000  511.58763  10.7%  39.0  912s
 36690 23797  511.85110   27  197  572.71000  496.57565  13.3%  49.9  467s
 216969 130633  521.59234   53   73  572.71000  511.61203  10.7%  39.0  916s
 36692 23799  512.98991   89  216  572.71000  496.57565  13.3%  49.9  471s
 217606 131398 infeasible   66       572.71000  511.62552  10.7%  39.0  920s
 36695 23801  524.88241   46  204  572.71000  496.57565  13.3%  49.9  475s
 218704 132551  523.04206   59   41  572.71000  511.64702  10.7%  39.0  925s
 36697 23802  527.78170   58  220  572.71000  496.57565  13.3%  49.9  480s
 221602 134167  541.61743   64   50  572.71000  511.68391  10.7%  38.9  932s
 36701 23805  552.15692   88  205  572.71000  496.57565  13.3%  49.9  485s
 222670 135021  529.31706   66   42  572.71000  511.70133  10.7%  38.9  935s
 36703 23806  531.49849   62  203  572.71000  496.57565  13.3%  49.9  490s
 225067 136765  531.26420   54   95  572.71000  511.74980  10.6%  38.9  943s
 36706 23808  550.28485   48  206  572.71000  496.57565  13.3%  49.8  498s
 226307 137736     cutoff   64       572.71000  511.76082  10.6%  38.8  947s
 36708 23809  527.76779   68  218  572.71000  496.57565  13.3%  49.8  502s
 227653 138703  534.39736   61   64  572.71000  511.77820  10.6%  38.8  951s
 229021 139658  524.87796   60   49  572.71000  511.81400  10.6%  38.8  955s
 36710 23811  544.57129   60  208  572.71000  496.57565  13.3%  49.8  506s
 36712 23812  510.99903   53  210  572.71000  496.57565  13.3%  49.8  510s
 231688 141434  546.55689   84   33  572.71000  511.84452  10.6%  38.7  962s
 36714 23813  499.80963   37  217  572.71000  496.57565  13.3%  49.8  515s
 232919 142087  513.20871   51   61  572.71000  511.86761  10.6%  38.7  965s
 36716 23815  527.72164   49  216  572.71000  496.57565  13.3%  49.8  520s
 235211 143947  547.97488   69   28  572.71000  511.89214  10.6%  38.7  973s
 36720 23817  507.34603   27  206  572.71000  496.57565  13.3%  49.8  525s
 236430 144849  522.35284   54   44  572.71000  511.92170  10.6%  38.7  978s
 36723 23819  511.31239   64  215  572.71000  496.57565  13.3%  49.8  533s
 237742 145907  558.22541   68   30  572.71000  511.95272  10.6%  38.6  982s
 36724 23820  499.70855   61  252  572.71000  496.57565  13.3%  49.8  535s
 239217 146717  514.28835   51   57  572.71000  511.97904  10.6%  38.6  986s
 36728 23823  507.86579   53  236  572.71000  496.57565  13.3%  49.8  542s
 241756 148368  530.10850   72   20  572.71000  512.00720  10.6%  38.6  993s
 36731 23825  528.54985   43  278  572.71000  496.57565  13.3%  49.8  547s
 242935 149266  522.58505   66   29  572.71000  512.04083  10.6%  38.6  997s
 36734 23827  543.62788   49  288  572.71000  496.57565  13.3%  49.8  553s
 244154 150318  524.98318   41   84  572.71000  512.05961  10.6%  38.6 1002s
 36735 23827  571.88800  108  286  572.71000  496.57565  13.3%  49.8  556s
 245577 151246  556.85707  104   45  572.71000  512.08295  10.6%  38.6 1006s
 36737 23829  510.46882   66  292  572.71000  496.57565  13.3%  49.8  561s
 246878 152024  532.36315   66   45  572.71000  512.10259  10.6%  38.5 1010s
 36738 23829  538.97655   62  277  572.71000  496.57565  13.3%  49.8  565s
 249478 153767  550.69622   86   27  572.71000  512.14336  10.6%  38.5 1017s
 36741 23831  514.99873   47  276  572.71000  496.57565  13.3%  49.8  570s
 250687 154526  556.75981   67   48  572.71000  512.16979  10.6%  38.5 1021s
 36744 23833  510.16849   31  300  572.71000  496.57565  13.3%  49.8  575s
 36747 23835  513.74127   59  288  572.71000  496.57565  13.3%  49.8  582s
 251953 154533  518.88777   59   26  572.71000  512.19227  10.6%  38.5 1032s
 36750 23837  526.65213   71  308  572.71000  496.57565  13.3%  49.8  586s
 251969 155449  520.29178   60   27  572.71000  512.19316  10.6%  38.5 1035s
 36753 23839  544.82453   73  291  572.71000  496.57565  13.3%  49.8  591s
 36755 23841  528.03106   58  305  572.71000  496.57565  13.3%  49.8  596s
 254537 157110  540.16953   67   57  572.71000  512.22303  10.6%  38.5 1047s
 36758 23843  520.51882   60  315  572.71000  496.57565  13.3%  49.8  601s
 255990 158214  559.22209   84   32  572.71000  512.23796  10.6%  38.4 1052s
 36759 23843  510.75669   34  306  572.71000  496.57565  13.3%  49.8  606s
 257562 159151  569.02555  102   39  572.71000  512.25802  10.6%  38.4 1057s
 36761 23845  553.83508   59  305  572.71000  496.57565  13.3%  49.8  611s
 258889 159991  518.60398   56   52  572.71000  512.28665  10.6%  38.4 1061s
 36763 23846  542.93358   67  293  572.71000  496.57565  13.3%  49.8  615s
 260410 161213  561.14427   79   23  572.71000  512.31491  10.5%  38.4 1065s
 36768 23854  496.57565   29  216  572.71000  496.57565  13.3%  50.8  621s
 36780 23866  496.57565   31  239  572.71000  496.57565  13.3%  51.0  625s
 263429 163159  530.61336   74   46  572.71000  512.36946  10.5%  38.3 1074s
 36828 23890  496.57565   33  196  572.71000  496.57565  13.3%  51.7  630s
 264901 164171  556.16924  121   40  572.71000  512.38493  10.5%  38.3 1079s
 36912 23902  509.33949   37  146  572.71000  496.57565  13.3%  51.8  635s
 266461 165041  568.44764  137   40  572.71000  512.40516  10.5%  38.3 1085s
 37011 23933  499.07489   40  119  572.71000  496.57565  13.3%  52.0  641s
 267920 165944 infeasible   97       572.71000  512.42115  10.5%  38.3 1090s
 37103 23978  496.57565   42  129  572.71000  496.57565  13.3%  52.2  645s
 269184 166943  516.02298   53   74  572.71000  512.43554  10.5%  38.2 1095s
 37211 24020  514.73977   44  117  572.71000  496.57565  13.3%  52.3  651s
 271782 168672  528.07078   56   41  572.71000  512.47933  10.5%  38.2 1103s
 37286 24043  524.99726   46  105  572.71000  496.57565  13.3%  52.3  655s
 37469 24098  519.85999   51   85  572.71000  496.57565  13.3%  52.5  660s
 273049 169773  534.96263   91   34  572.71000  512.49250  10.5%  38.2 1110s
 37681 24153  496.57565   37  101  572.71000  496.57565  13.3%  52.6  666s
 274470 170680  521.65736   66   50  572.71000  512.50715  10.5%  38.2 1116s
 37857 24218  502.85954   46   97  572.71000  496.57565  13.3%  52.8  671s
 275722 171651  549.34415  102   30  572.71000  512.53138  10.5%  38.2 1121s
 37988 24241  562.37183   54   98  572.71000  496.57565  13.3%  52.9  675s
 277034 172798  544.51987   69   30  572.71000  512.54950  10.5%  38.2 1127s
 38123 24252  563.83119   61   95  572.71000  496.57565  13.3%  53.0  682s
 278614 173650  517.13346   51   40  572.71000  512.55579  10.5%  38.1 1132s
 38202 24237  539.18287   41   55  572.71000  496.57565  13.3%  53.0  688s
 279803 174456  536.42662   59   52  572.71000  512.58038  10.5%  38.1 1137s
 38363 24415  548.96077   50   76  572.71000  496.57565  13.3%  53.0  691s
 38666 24497  497.69816   39   92  572.71000  496.57565  13.3%  53.1  695s
 39164 24669  547.29920   96   52  572.71000  496.57565  13.3%  53.4  701s
 281090 174993  550.42963   93   36  572.71000  512.59673  10.5%  38.1 1149s
 39563 24775 infeasible   37       572.71000  496.57565  13.3%  53.6  705s
 281913 175969  535.38439   98   41  572.71000  512.61887  10.5%  38.1 1155s
 40005 25029  518.92744   62   85  572.71000  496.57565  13.3%  53.7  710s
 283348 176333  515.44436   51   62  572.71000  512.63644  10.5%  38.1 1162s
 283847 177484  528.56334   61   51  572.71000  512.64293  10.5%  38.1 1166s
 40288 25122  529.41774   89   37  572.71000  496.57565  13.3%  53.7  722s
 285411 178367     cutoff   63       572.71000  512.66172  10.5%  38.1 1171s
 40911 25496  501.69228   40   64  572.71000  499.15659  12.8%  53.8  727s
 286855 179287  568.82770   59   25  572.71000  512.68547  10.5%  38.1 1177s
 41765 25861  554.89160   53   34  572.71000  500.56181  12.6%  53.6  733s
 288207 180272  531.67843   79   48  572.71000  512.70215  10.5%  38.1 1183s
 42255 26051  504.13505   47   53  572.71000  500.60096  12.6%  53.5  736s
 289674 181158  543.66786   82   39  572.71000  512.72594  10.5%  38.1 1189s
 43259 26477  564.56165   57   42  572.71000  501.61904  12.4%  53.1  741s
 44296 26916  556.93034   72   44  572.71000  501.82722  12.4%  52.8  747s
 290856 182248  528.41091   69   32  572.71000  512.74536  10.5%  38.0 1197s
 44737 27232  555.73255   37   71  572.71000  501.85153  12.4%  52.7  750s
 292385 183072     cutoff  106       572.71000  512.76385  10.5%  38.0 1203s
 45981 27974  529.08718   95   34  572.71000  501.98559  12.3%  52.2  758s
 293650 183971  535.58068   56   45  572.71000  512.78656  10.5%  38.0 1208s
 46728 28250  511.42567   74   59  572.71000  501.99967  12.3%  51.8  762s
 295031 184577  533.26958   78   45  572.71000  512.80625  10.5%  38.0 1213s
 47428 28502  532.67692  126   42  572.71000  502.33193  12.3%  51.6  766s
 48088 28770  508.45255   53   60  572.71000  502.45295  12.3%  51.4  771s
 296167 185379  523.93757   58   72  572.71000  512.83009  10.5%  38.0 1219s
 48790 29211  513.04721   49   78  572.71000  502.56679  12.2%  51.3  775s
 297414 186119  547.63259   86   19  572.71000  512.85051  10.5%  38.0 1225s
 298589 187188  556.75390   93   57  572.71000  512.86727  10.4%  38.0 1231s
 50441 30122  507.29454   52   44  572.71000  502.92726  12.2%  50.6  783s
 51550 30583  510.96165   52   48  572.71000  503.32512  12.1%  50.2  788s
 300052 188098  533.68519   66   55  572.71000  512.88478  10.4%  38.0 1237s
 52635 31148  558.79209  118   40  572.71000  503.59803  12.1%  49.7  792s
 301291 188957  518.04998   62   84  572.71000  512.89850  10.4%  38.0 1242s
 53787 31418  522.19175   51   49  572.71000  503.76159  12.0%  49.4  797s
 302531 189956  559.27742   82   44  572.71000  512.91991  10.4%  38.0 1247s
 303924 190773  529.14410   87   80  572.71000  512.94184  10.4%  37.9 1253s
 54617 32092  519.13744   60   33  572.71000  503.92347  12.0%  49.2  807s
 305253 191454 infeasible   65       572.71000  512.96662  10.4%  37.9 1259s
 55950 32273  517.72975   60   30  572.71000  504.06159  12.0%  48.9  814s
 306513 192347  523.87121   59   38  572.71000  512.98121  10.4%  37.9 1263s
 56847 32713  518.45464   63   29  572.71000  504.25993  12.0%  48.7  818s
 307802 193144  518.12896   42   89  572.71000  512.98906  10.4%  37.9 1268s
 57823 33246  520.01200   63   47  572.71000  504.47577  11.9%  48.4  821s
 59937 34010  553.71898  135   44  572.71000  504.75711  11.9%  47.8  828s
 309072 193971     cutoff   73       572.71000  513.00888  10.4%  37.9 1277s
 60800 34532  521.38187   61   20  572.71000  504.84185  11.9%  47.7  833s
 310513 194691  547.06155   74   38  572.71000  513.03833  10.4%  37.9 1282s
 61946 34929  519.50929   66   27  572.71000  505.08416  11.8%  47.4  837s
 311673 195656  560.37447   77   22  572.71000  513.05772  10.4%  37.9 1289s
 313033 196686  521.31769   55   37  572.71000  513.07112  10.4%  37.9 1295s
 62862 35243  524.40491   70   27  572.71000  505.13616  11.8%  47.2  848s
 314420 197600  536.66740   61   62  572.71000  513.08730  10.4%  37.9 1301s
 63611 35887  514.09742   54   55  572.71000  505.22605  11.8%  47.0  853s
 64743 36312  519.43588   40  153  572.71000  505.40970  11.8%  46.8  858s
 315802 198440  513.76119   57   70  572.71000  513.11155  10.4%  37.9 1306s
 66088 36674  523.25362   56   39  572.71000  505.53569  11.7%  46.7  863s
 317040 199483  525.03564   66   26  572.71000  513.12736  10.4%  37.9 1312s
 67349 37210  519.19283   57   47  572.71000  505.65381  11.7%  46.5  869s
 318433 200426     cutoff  131       572.71000  513.14066  10.4%  37.9 1318s
 68704 37748  514.16419   60   51  572.71000  505.96451  11.7%  46.3  874s
 319703 201341  540.81867   50   42  572.71000  513.15269  10.4%  37.9 1323s
 69923 38233  517.13961   56   50  572.71000  506.02314  11.6%  46.1  880s
 320971 202294  530.77170   72   75  572.71000  513.17467  10.4%  37.8 1329s
 71089 38825  528.70108   99   43  572.71000  506.05938  11.6%  45.9  885s
 322258 203311  532.31611   62   35  572.71000  513.18295  10.4%  37.8 1334s
 323742 204115 infeasible   78       572.71000  513.20575  10.4%  37.8 1339s
 72331 39636  523.95735   71   45  572.71000  506.17582  11.6%  45.7  896s
 324974 204996  539.00657   81   54  572.71000  513.22604  10.4%  37.8 1345s
 73945 40038  522.26906   58   46  572.71000  506.20807  11.6%  45.5  903s
 326233 205858  530.05760   48   51  572.71000  513.24167  10.4%  37.8 1351s
 75194 39675  508.96504   49   63  572.71000  506.40053  11.6%  45.4  909s
 327442 206995  538.32571   76   39  572.71000  513.25350  10.4%  37.8 1359s
 328998 207803  519.99393   58   62  572.71000  513.27520  10.4%  37.8 1364s
 75281 40548  509.15586   50   59  572.71000  506.44599  11.6%  45.4  916s
 330111 208700  564.86307   71   37  572.71000  513.28763  10.4%  37.8 1370s
 76573 41095  545.31448  100   40  572.71000  506.55539  11.6%  45.3  922s
 331441 209525  540.02418   41   70  572.71000  513.30806  10.4%  37.8 1375s
 77784 41734  517.81353   62   83  572.71000  506.61827  11.5%  45.2  928s
 332593 210675  519.83237   75   70  572.71000  513.32055  10.4%  37.8 1381s
 79095 42223  509.63670   44   62  572.71000  506.69080  11.5%  45.0  935s
 334026 211515  515.86241   56   39  572.71000  513.34118  10.4%  37.8 1387s
 80436 42992  548.98801   53   35  572.71000  506.74971  11.5%  44.9  943s
 335375 212212 infeasible  109       572.71000  513.35384  10.4%  37.7 1393s
 82083 43438  546.06370   58   52  572.71000  506.85629  11.5%  44.7  948s
 336500 213047  536.06529   66   47  572.71000  513.36834  10.4%  37.8 1399s
 83515 44159  533.64476   82   33  572.71000  506.96319  11.5%  44.6  954s
 337756 214022  566.44090  129   39  572.71000  513.37776  10.4%  37.8 1405s
 85007 44491  561.56460   98   28  572.71000  507.08779  11.5%  44.4  960s
 339243 215021  521.13904   58   45  572.71000  513.39927  10.4%  37.8 1411s
 86247 44532  544.85156   84   47  572.71000  507.14799  11.4%  44.3  967s
 340708 215704  556.23988   80   15  572.71000  513.41646  10.4%  37.7 1416s
 86910 45540  509.56003   53   72  572.71000  507.22720  11.4%  44.2  972s
 341958 216512 infeasible   79       572.71000  513.43259  10.4%  37.7 1421s
 88537 45989  510.62331   51   46  572.71000  507.33817  11.4%  44.0  978s
 343319 217376  525.99449   59   38  572.71000  513.44177  10.3%  37.7 1427s
 89881 46496  516.96121   60   27  572.71000  507.42129  11.4%  43.8  984s
 344659 218243  566.67746   70   31  572.71000  513.46577  10.3%  37.7 1432s
 345985 218997  527.81582   58   33  572.71000  513.47681  10.3%  37.7 1440s
 91062 47737  531.83593  100   56  572.71000  507.48978  11.4%  43.7  992s
 93171 47751  517.20322   50   83  572.71000  507.58521  11.4%  43.4  997s
 347414 219940  521.15253   58   22  572.71000  513.49746  10.3%  37.8 1447s
 94207 47994  521.15645   69   50  572.71000  507.67444  11.4%  43.4 1002s
 348754 220904  517.41184   71   85  572.71000  513.51544  10.3%  37.7 1454s
 95039 48316  536.40397   96   71  572.71000  507.71727  11.3%  43.4 1007s
 350027 221860  519.16055   49   86  572.71000  513.51544  10.3%  37.7 1460s
 95975 49055  542.11159   91   45  572.71000  507.78054  11.3%  43.5 1013s
 351339 222821  554.86828  137   50  572.71000  513.53406  10.3%  37.7 1465s
 97414 49486  511.64852   59   62  572.71000  507.82350  11.3%  43.4 1018s
 352819 223699  537.96577   61   51  572.71000  513.55694  10.3%  37.7 1471s
 98628 49974  531.22900   73   32  572.71000  507.90412  11.3%  43.2 1023s
 99775 50491  537.76359   90   46  572.71000  507.94725  11.3%  43.2 1029s
 354014 224562  536.39551   73   48  572.71000  513.56729  10.3%  37.7 1477s
 100924 50930  547.32543   60   45  572.71000  508.01793  11.3%  43.1 1034s
 355158 225475  518.06457   48   63  572.71000  513.58118  10.3%  37.7 1483s
 101927 51511  512.10298   50   59  572.71000  508.07054  11.3%  43.0 1040s
 356489 226475     cutoff   59       572.71000  513.58823  10.3%  37.7 1491s
 103086 52154  518.20670   59   43  572.71000  508.12864  11.3%  42.9 1046s
 357903 227259  529.61080   58  104  572.71000  513.60269  10.3%  37.7 1497s
 104437 52482  554.74054   68   21  572.71000  508.19080  11.3%  42.8 1052s
 359002 228211  567.00196  115   37  572.71000  513.61286  10.3%  37.7 1503s
 105454 53006  525.48302   69   61  572.71000  508.23617  11.3%  42.7 1057s
 360388 229085  570.26239   93   25  572.71000  513.62239  10.3%  37.7 1509s
 106575 53605  557.26964   78   25  572.71000  508.26004  11.3%  42.6 1062s
 361584 230047  526.68090   65   52  572.71000  513.63509  10.3%  37.7 1516s
 107896 53948  528.67798   70   34  572.71000  508.32755  11.2%  42.5 1068s
 362981 231047  519.58195   57   52  572.71000  513.64532  10.3%  37.7 1520s
 364405 232109  521.48126   49   44  572.71000  513.66748  10.3%  37.6 1528s
 109049 54501  522.34883   67   53  572.71000  508.40217  11.2%  42.5 1082s
 366062 232493  527.57514   63   57  572.71000  513.68728  10.3%  37.6 1534s
 366536 233642  544.95133  104   16  572.71000  513.68979  10.3%  37.6 1542s
 110079 56383  527.93151   48   62  572.71000  508.43285  11.2%  42.5 1095s
 112746 57761  556.19571   73   30  572.71000  508.53607  11.2%  42.3 1101s
 367975 233676  546.66287   92   36  572.71000  513.69766  10.3%  37.6 1549s
 114633 58664  511.36319   50   55  572.71000  508.62442  11.2%  42.2 1107s
 368009 234542  554.29010  101   37  572.71000  513.69891  10.3%  37.6 1556s
 115959 59849 infeasible   52       572.71000  508.73580  11.2%  42.2 1114s
 369342 235453  536.58822   63   51  572.71000  513.71051  10.3%  37.6 1563s
 117590 60929  555.65527   87   32  572.71000  508.80434  11.2%  42.1 1120s
 370728 236409 infeasible   68       572.71000  513.72595  10.3%  37.6 1570s
 119063 61762  547.60411   47   69  572.71000  508.86126  11.1%  42.0 1127s
 372048 237396  523.51303   55   27  572.71000  513.73395  10.3%  37.6 1577s
 120214 62790  541.50351   81   40  572.71000  508.92465  11.1%  42.0 1134s
 373420 238380  537.26818   81   56  572.71000  513.75165  10.3%  37.6 1583s
 121528 63849  568.42333   76   40  572.71000  508.98863  11.1%  41.9 1140s
 374786 239147  531.63341   67   65  572.71000  513.76733  10.3%  37.6 1590s
 123090 64816  535.14619  119   46  572.71000  509.06148  11.1%  41.8 1146s
 376048 240300  520.52779   60   49  572.71000  513.77668  10.3%  37.6 1597s
 124504 65880  526.95916   60   61  572.71000  509.12279  11.1%  41.8 1151s
 377555 241304  526.81962   55   61  572.71000  513.78884  10.3%  37.6 1603s
 125913 66730  513.47498   53   79  572.71000  509.16275  11.1%  41.7 1157s
 379196 242264  526.97056   61   39  572.71000  513.81103  10.3%  37.6 1608s
 380641 243253  540.30988   54   53  572.71000  513.82611  10.3%  37.6 1614s
 127016 67278  542.13892  117   38  572.71000  509.19116  11.1%  41.6 1166s
 382051 244308  529.49305   78   37  572.71000  513.83631  10.3%  37.6 1620s
 127858 68924  530.85136   62   55  572.71000  509.22718  11.1%  41.6 1175s
 383503 245327  537.21688   61   43  572.71000  513.84854  10.3%  37.5 1629s
 129957 69714  545.76663   83   46  572.71000  509.29589  11.1%  41.4 1181s
 384978 246352  569.98000   62   16  572.71000  513.86203  10.3%  37.5 1635s
 131158 70921  534.23133   54   26  572.71000  509.36078  11.1%  41.5 1188s
 386314 247264  525.33275   57   53  572.71000  513.87190  10.3%  37.5 1641s
 132784 72107  529.06512   42   97  572.71000  509.39657  11.1%  41.4 1194s
 387625 248233  531.75719   73   34  572.71000  513.88695  10.3%  37.5 1647s
 134279 73297  533.59874   64   45  572.71000  509.46411  11.0%  41.3 1200s
 389039 249039  519.05948   70   59  572.71000  513.90128  10.3%  37.5 1654s
 135811 74194  525.48691   58   40  572.71000  509.52557  11.0%  41.2 1207s
 390277 249852  553.93203   64   38  572.71000  513.91332  10.3%  37.5 1659s
 137263 75294  524.08047   66   47  572.71000  509.59040  11.0%  41.2 1212s
 391536 250869  551.90073   61   20  572.71000  513.93059  10.3%  37.5 1666s
 138652 76276  524.05479   85   72  572.71000  509.62369  11.0%  41.1 1217s
 140028 77202  538.96324   74   42  572.71000  509.65594  11.0%  41.0 1223s
 392940 251609  552.47602   85   31  572.71000  513.94406  10.3%  37.5 1671s
 141430 78010  544.65282   84   43  572.71000  509.71372  11.0%  41.0 1228s
 394191 252473     cutoff   58       572.71000  513.95518  10.3%  37.5 1677s
 142635 78814  521.01688   45   56  572.71000  509.80086  11.0%  40.9 1233s
 395493 253292  521.03610   62   66  572.71000  513.97083  10.3%  37.5 1683s
 143755 79738  556.48283  101   31  572.71000  509.82320  11.0%  40.9 1240s
 396787 254079  538.52265   78   45  572.71000  513.98277  10.3%  37.5 1689s
 398117 254923  523.99388   51   34  572.71000  513.99376  10.3%  37.5 1696s
 145090 80821  560.29583   67   42  572.71000  509.85172  11.0%  40.8 1248s
 399552 255695  531.81538   63   37  572.71000  514.00575  10.3%  37.5 1702s
 146591 81898  515.45224   58   67  572.71000  509.89673  11.0%  40.7 1254s
 148030 82657  532.40040   48   52  572.71000  509.93580  11.0%  40.6 1259s
 400924 256550  536.17554   69   50  572.71000  514.02378  10.2%  37.5 1708s
 149236 83751  564.24156   69   23  572.71000  509.98070  11.0%  40.6 1262s
 402204 257433  526.31193   85   44  572.71000  514.03842  10.2%  37.5 1716s
 150633 83952  565.87242   79   40  572.71000  510.02649  10.9%  40.5 1271s
 403538 258492  567.04225   67   24  572.71000  514.05566  10.2%  37.5 1722s
 150972 84806  516.60090   52   61  572.71000  510.03043  10.9%  40.5 1276s
 405129 259409  515.44289   51   70  572.71000  514.07507  10.2%  37.5 1728s
 152126 85689  520.29098   65   36  572.71000  510.09206  10.9%  40.5 1282s
 406475 260184  541.73715   94   63  572.71000  514.09159  10.2%  37.5 1733s
 153302 86480  548.44893   61   44  572.71000  510.14130  10.9%  40.4 1289s
 407639 261223  529.29431   71   44  572.71000  514.09736  10.2%  37.5 1740s
 154518 87304  551.45728  105   46  572.71000  510.15942  10.9%  40.4 1295s
 409149 262014  520.57381   72   37  572.71000  514.11076  10.2%  37.5 1746s
 155756 88098 infeasible   74       572.71000  510.19376  10.9%  40.3 1300s
 410434 262972  545.10806   71   44  572.71000  514.12713  10.2%  37.5 1752s
 156849 88997  534.41924   83   38  572.71000  510.23769  10.9%  40.3 1305s
 411786 263763  533.83942   62   70  572.71000  514.13690  10.2%  37.4 1758s
 158188 89997  521.15343   75   57  572.71000  510.27785  10.9%  40.3 1311s
 412927 264766  541.69553   77   54  572.71000  514.15239  10.2%  37.4 1764s
 159548 90856  559.26449   42  110  572.71000  510.31143  10.9%  40.2 1316s
 414425 265825  539.35891   66   48  572.71000  514.16854  10.2%  37.4 1771s
 160902 91694  530.29241   75   24  572.71000  510.35038  10.9%  40.2 1322s
 162127 92843  524.59800   56   44  572.71000  510.38778  10.9%  40.1 1329s
 415859 266810  527.82897   78   30  572.71000  514.17968  10.2%  37.4 1777s
 417208 267667  523.78954   51   62  572.71000  514.19250  10.2%  37.4 1783s
 163627 93951  516.94987   50   45  572.71000  510.42997  10.9%  40.1 1338s
 418695 268415  537.49996   62   30  572.71000  514.20736  10.2%  37.4 1789s
 419781 269389  528.12529   61   33  572.71000  514.21383  10.2%  37.4 1795s
 165140 94094  513.34170   55   57  572.71000  510.46039  10.9%  40.0 1349s
 421231 270227  522.18793   68   56  572.71000  514.22980  10.2%  37.4 1803s
 165308 95047  523.38362   69   45  572.71000  510.47620  10.9%  40.0 1356s
 422535 271159     cutoff   61       572.71000  514.23788  10.2%  37.4 1810s
 166888 96159  522.23878   55   44  572.71000  510.51054  10.9%  40.0 1362s
 423898 272135  518.75146   67   80  572.71000  514.26000  10.2%  37.4 1817s
 168375 97163  532.79172   86   54  572.71000  510.54339  10.9%  39.9 1369s
 169753 98018  526.08121   55   26  572.71000  510.56542  10.9%  39.9 1375s
 425284 273154  540.79891   82   38  572.71000  514.27783  10.2%  37.4 1824s
 170994 99194  533.95509   69   52  572.71000  510.59372  10.8%  39.9 1381s
 426673 273998  547.24626   66   42  572.71000  514.28941  10.2%  37.4 1831s
 172652 99979  526.13217   65   92  572.71000  510.62891  10.8%  39.8 1387s
 428017 274901  549.14490   59   18  572.71000  514.30126  10.2%  37.4 1837s
 173883 100757  538.07235   56   64  572.71000  510.65735  10.8%  39.8 1393s
 429331 275850  554.94963   65   34  572.71000  514.31544  10.2%  37.4 1843s
 174975 101248  531.81704   80   43  572.71000  510.66832  10.8%  39.8 1399s
 430700 276697  554.93920   86   22  572.71000  514.32800  10.2%  37.4 1849s
 175637 102247  567.41975  135   33  572.71000  510.70617  10.8%  39.8 1405s
 431951 277745  553.01824   63   21  572.71000  514.34815  10.2%  37.4 1856s
 176952 103146  548.62462   93   71  572.71000  510.73035  10.8%  39.7 1412s
 433413 278724  549.86764   58   43  572.71000  514.36158  10.2%  37.4 1863s
 178251 104238  537.22782   56   31  572.71000  510.78085  10.8%  39.7 1418s
 434758 279534  539.16995  111   51  572.71000  514.37547  10.2%  37.4 1870s
 179765 105019  551.03483  122   35  572.71000  510.81415  10.8%  39.7 1423s
 436085 280567  523.10253   56   68  572.71000  514.38732  10.2%  37.4 1877s
 181044 105968  532.06789   59   73  572.71000  510.86719  10.8%  39.7 1429s
 437492 281651  538.89882   73   51  572.71000  514.39829  10.2%  37.4 1882s
 182416 107040  532.28225   72   47  572.71000  510.89638  10.8%  39.6 1437s
 439038 282592  547.71898   60   24  572.71000  514.41476  10.2%  37.4 1890s
 183959 107834  520.47751   54   47  572.71000  510.93223  10.8%  39.6 1442s
 185132 108622 infeasible   91       572.71000  510.96224  10.8%  39.6 1448s
 440434 283408  536.21318   86   29  572.71000  514.42891  10.2%  37.4 1896s
 186251 109403  518.74428   51   43  572.71000  510.99184  10.8%  39.6 1453s
 441687 284419  531.33843   93   89  572.71000  514.43738  10.2%  37.4 1903s
 187405 110450  521.19787   75   38  572.71000  511.03132  10.8%  39.5 1459s
 443164 285469  523.01997   55   34  572.71000  514.45426  10.2%  37.4 1910s
 188887 111253  518.06591   54   49  572.71000  511.07010  10.8%  39.5 1464s
 444628 286254  547.64858  116   42  572.71000  514.46710  10.2%  37.4 1916s
 190013 112060  524.16521   51   32  572.71000  511.08317  10.8%  39.5 1470s
 445835 287093  530.35880   62   63  572.71000  514.47664  10.2%  37.4 1922s
 191179 113020  525.54433   58   51  572.71000  511.10848  10.8%  39.5 1475s
 447115 288193  531.45111   64   45  572.71000  514.48616  10.2%  37.4 1929s
 192430 113914  524.29495   68   61  572.71000  511.12119  10.8%  39.4 1481s
 448624 289050  537.36890   61   55  572.71000  514.50013  10.2%  37.4 1935s
 193664 114854  533.45213   61   52  572.71000  511.15148  10.7%  39.4 1487s
 195047 115780  525.29016   44   64  572.71000  511.18678  10.7%  39.3 1492s
 449893 289741  553.99272   70   43  572.71000  514.51203  10.2%  37.4 1942s
H450347 289706                     572.6000000  514.51203  10.1%  37.4 1942s
 196393 116443  515.13365   57   53  572.71000  511.21938  10.7%  39.3 1498s
 450965 290680  542.54644   65   60  572.60000  514.51517  10.1%  37.4 1949s
 197488 117433  523.35816   66   44  572.71000  511.24691  10.7%  39.3 1505s
 452357 291507  526.43982   66   33  572.60000  514.52845  10.1%  37.4 1956s
 198854 118357  514.01683   55   68  572.71000  511.26209  10.7%  39.3 1510s
 453770 292406  558.72142   61   29  572.60000  514.55002  10.1%  37.4 1962s
 200121 119396  532.03799   60   30  572.71000  511.28673  10.7%  39.3 1519s
 454976 293481     cutoff   70       572.60000  514.55686  10.1%  37.4 1968s
 201602 120110  523.73160   49   56  572.71000  511.30508  10.7%  39.2 1524s
 456527 294343  525.58910   56   25  572.60000  514.56889  10.1%  37.4 1975s
 202756 121070  569.13331   77   45  572.71000  511.33007  10.7%  39.3 1529s
 457833 295306  544.88882   85   52  572.60000  514.58125  10.1%  37.4 1983s
 204011 122143  517.25077   57   62  572.71000  511.34229  10.7%  39.2 1535s
 205430 122956  531.52590   74   45  572.71000  511.37807  10.7%  39.2 1540s
 459400 296056  522.41405   59   54  572.60000  514.59492  10.1%  37.4 1989s
 206659 123988 infeasible   54       572.71000  511.40576  10.7%  39.2 1547s
 460370 297062  520.64007   66   42  572.60000  514.60425  10.1%  37.4 1996s
 208202 124868  517.23489   44   85  572.71000  511.43575  10.7%  39.1 1553s
 461830 297909  550.04717   70   44  572.60000  514.61928  10.1%  37.4 2004s
 209362 125631  552.18087  118   44  572.71000  511.45936  10.7%  39.1 1559s
 463136 298798  544.41002   71   22  572.60000  514.63039  10.1%  37.4 2011s
 210395 126618  518.17916   58   27  572.71000  511.48372  10.7%  39.1 1565s
 464497 299637  517.74231   47   47  572.60000  514.64281  10.1%  37.4 2018s
 211711 127570  545.83719  106   28  572.71000  511.50162  10.7%  39.1 1570s
 465812 300539  523.39971   58   53  572.60000  514.66253  10.1%  37.4 2024s
 213239 128396  551.17227  154   52  572.71000  511.53100  10.7%  39.0 1576s
 214482 129240  518.52803   51   53  572.71000  511.55184  10.7%  39.0 1582s
 467220 301368  520.56992   52   67  572.60000  514.67785  10.1%  37.4 2030s
 215694 130216  537.34873   86   20  572.71000  511.58763  10.7%  39.0 1587s
 468536 302239  529.48740   70   62  572.60000  514.69195  10.1%  37.4 2037s
 216969 130633  521.59234   53   73  572.71000  511.61203  10.7%  39.0 1593s
 469868 303152  571.58512   70   26  572.60000  514.70294  10.1%  37.4 2043s
 217606 131398 infeasible   66       572.71000  511.62552  10.7%  39.0 1599s
 471223 304271  536.50261  101   28  572.60000  514.71388  10.1%  37.4 2049s
 472792 305090  529.13969   46   29  572.60000  514.72463  10.1%  37.4 2055s
 218704 132551  523.04206   59   41  572.71000  511.64702  10.7%  39.0 1609s
 474196 306038  538.29016   72   30  572.60000  514.74040  10.1%  37.4 2062s
 220393 133470  550.68381  155   52  572.71000  511.66124  10.7%  39.0 1614s
 221602 134167  541.61743   64   50  572.71000  511.68391  10.7%  38.9 1619s
 475578 306890  543.12246   90   49  572.60000  514.75927  10.1%  37.4 2071s
 222670 135021  529.31706   66   42  572.71000  511.70133  10.7%  38.9 1624s
 223828 135810  527.58916   62   51  572.71000  511.71371  10.7%  38.9 1630s
 476856 308116  520.90039   56   41  572.60000  514.76785  10.1%  37.4 2078s
 225067 136765  531.26420   54   95  572.71000  511.74980  10.6%  38.9 1635s
 478488 309170 infeasible   66       572.60000  514.78040  10.1%  37.3 2085s
 226307 137736     cutoff   64       572.71000  511.76082  10.6%  38.8 1640s
 479910 310091  533.75402   57   49  572.60000  514.79373  10.1%  37.3 2091s
 227653 138703  534.39736   61   64  572.71000  511.77820  10.6%  38.8 1646s
 481335 311132  533.63638   53   42  572.60000  514.79961  10.1%  37.3 2099s
 229021 139658  524.87796   60   49  572.71000  511.81400  10.6%  38.8 1652s
 482902 311976  560.68520   78   48  572.60000  514.81243  10.1%  37.3 2106s
 230452 140497 infeasible   54       572.71000  511.82801  10.6%  38.7 1658s
 231688 141434  546.55689   84   33  572.71000  511.84452  10.6%  38.7 1664s
 484252 312229  523.30849   64   57  572.60000  514.82532  10.1%  37.3 2113s
 232919 142087  513.20871   51   61  572.71000  511.86761  10.6%  38.7 1669s
 484640 313178  543.66897  103   57  572.60000  514.83186  10.1%  37.3 2120s
 233812 143135  526.20675   66   38  572.71000  511.86770  10.6%  38.7 1674s
 486027 314318  547.89861   76   37  572.60000  514.84050  10.1%  37.3 2127s
 235211 143947  547.97488   69   28  572.71000  511.89214  10.6%  38.7 1679s
 487626 315125  559.74248  105   33  572.60000  514.85040  10.1%  37.3 2132s
 236430 144849  522.35284   54   44  572.71000  511.92170  10.6%  38.7 1688s
 488952 316081  526.77607   68   31  572.60000  514.86406  10.1%  37.3 2139s
 237742 145907  558.22541   68   30  572.71000  511.95272  10.6%  38.6 1694s
 490378 317134  558.78369   61   43  572.60000  514.87168  10.1%  37.3 2146s
 239217 146717  514.28835   51   57  572.71000  511.97904  10.6%  38.6 1701s
 491952 317945  554.38598  102   41  572.60000  514.88879  10.1%  37.3 2153s
 240520 147564  549.58116   60   43  572.71000  511.99273  10.6%  38.6 1706s
 241756 148368  530.10850   72   20  572.71000  512.00720  10.6%  38.6 1711s
 493273 318774  551.15805  102   50  572.60000  514.90526  10.1%  37.3 2162s
 242935 149266  522.58505   66   29  572.71000  512.04083  10.6%  38.6 1716s
 494712 319870  519.85194   54   56  572.60000  514.91510  10.1%  37.3 2169s
 244154 150318  524.98318   41   84  572.71000  512.05961  10.6%  38.6 1722s
 496267 320767  526.42759   71   41  572.60000  514.92998  10.1%  37.3 2175s
 245577 151246  556.85707  104   45  572.71000  512.08295  10.6%  38.6 1728s
 497576 321628  536.46941   58   27  572.60000  514.93872  10.1%  37.3 2182s
 246878 152024  532.36315   66   45  572.71000  512.10259  10.6%  38.5 1734s
 498977 322644  567.97077   63   35  572.60000  514.95273  10.1%  37.3 2188s
 248124 152964  568.78487   75   32  572.71000  512.12532  10.6%  38.5 1740s
 249478 153767  550.69622   86   27  572.71000  512.14336  10.6%  38.5 1745s
 500531 323589  525.12275   52   28  572.60000  514.96177  10.1%  37.3 2194s
 250687 154526  556.75981   67   48  572.71000  512.16979  10.6%  38.5 1751s
 501889 324426  553.24792  104   32  572.60000  514.97024  10.1%  37.3 2200s
 503252 325248  544.59170   89   38  572.60000  514.98311  10.1%  37.3 2206s
 504544 326209  526.43914   64   53  572.60000  514.99187  10.1%  37.3 2212s
 505992 327089  530.26358   53   38  572.60000  515.00021  10.1%  37.3 2217s
 251953 154533  518.88777   59   26  572.71000  512.19227  10.6%  38.5 1770s
 507254 328092  563.76990   75   57  572.60000  515.01335  10.1%  37.3 2223s
 251969 155449  520.29178   60   27  572.71000  512.19316  10.6%  38.5 1775s
 508721 328864  563.04351   93   52  572.60000  515.02772  10.1%  37.3 2230s
 253200 156232  553.02635   96   26  572.71000  512.20777  10.6%  38.5 1781s
 510113 329787  561.19428   66   25  572.60000  515.03991  10.1%  37.3 2235s
 254537 157110  540.16953   67   57  572.71000  512.22303  10.6%  38.5 1794s
 511439 330719  542.35638   79   60  572.60000  515.04890  10.1%  37.3 2243s
 255990 158214  559.22209   84   32  572.71000  512.23796  10.6%  38.4 1802s
 512911 331837 infeasible   68       572.60000  515.05842  10.0%  37.3 2251s
 257562 159151  569.02555  102   39  572.71000  512.25802  10.6%  38.4 1810s
 514579 332646  565.41562   65   11  572.60000  515.06211  10.0%  37.3 2258s
 258889 159991  518.60398   56   52  572.71000  512.28665  10.6%  38.4 1816s
 515969 333564  535.14084   67   55  572.60000  515.07510  10.0%  37.3 2265s
 260410 161213  561.14427   79   23  572.71000  512.31491  10.5%  38.4 1823s
 517284 334637  552.78456   74   33  572.60000  515.08261  10.0%  37.3 2271s
 261999 162106  545.76675  132   73  572.71000  512.34037  10.5%  38.4 1829s
 518805 335639  540.11344   78   47  572.60000  515.09015  10.0%  37.2 2278s
 520278 336541     cutoff   85       572.60000  515.10193  10.0%  37.2 2284s
 263429 163159  530.61336   74   46  572.71000  512.36946  10.5%  38.3 1836s
 521617 337496  516.83234   55   53  572.60000  515.11391  10.0%  37.2 2291s
 264901 164171  556.16924  121   40  572.71000  512.38493  10.5%  38.3 1843s
 523066 338447  564.34114   88   63  572.60000  515.12495  10.0%  37.2 2298s
 266461 165041  568.44764  137   40  572.71000  512.40516  10.5%  38.3 1850s
 267920 165944 infeasible   97       572.71000  512.42115  10.5%  38.3 1856s
 524507 339358  554.14405   88   22  572.60000  515.13398  10.0%  37.2 2305s
 269184 166943  516.02298   53   74  572.71000  512.43554  10.5%  38.2 1861s
 270556 167722  560.20296   79   48  572.71000  512.45178  10.5%  38.2 1866s
 525958 339909  550.66666   90   42  572.60000  515.14568  10.0%  37.2 2315s
 271782 168672  528.07078   56   41  572.71000  512.47933  10.5%  38.2 1871s
 526907 340821  535.41961   79   43  572.60000  515.15158  10.0%  37.2 2321s
 273049 169773  534.96263   91   34  572.71000  512.49250  10.5%  38.2 1878s
 528321 341671  528.99437   51   45  572.60000  515.16603  10.0%  37.2 2328s
 274470 170680  521.65736   66   50  572.71000  512.50715  10.5%  38.2 1883s
 529613 342695 infeasible   68       572.60000  515.17624  10.0%  37.2 2337s
 275722 171651  549.34415  102   30  572.71000  512.53138  10.5%  38.2 1889s
 531249 343539  535.44940   72   50  572.60000  515.18683  10.0%  37.2 2344s
 277034 172798  544.51987   69   30  572.71000  512.54950  10.5%  38.2 1896s
 278614 173650  517.13346   51   40  572.71000  512.55579  10.5%  38.1 1902s
 532519 344502 infeasible   84       572.60000  515.19523  10.0%  37.2 2351s
 279803 174456  536.42662   59   52  572.71000  512.58038  10.5%  38.1 1908s
 533794 345395  556.09157   81   30  572.60000  515.20177  10.0%  37.2 2357s
 535122 346173  519.99613   51   66  572.60000  515.21324  10.0%  37.2 2363s
 536407 347099  556.54604  102   36  572.60000  515.21940  10.0%  37.2 2369s
 281090 174993  550.42963   93   36  572.71000  512.59673  10.5%  38.1 1921s
 537783 348057  533.74132   90   51  572.60000  515.23283  10.0%  37.2 2376s
 281913 175969  535.38439   98   41  572.71000  512.61887  10.5%  38.1 1928s
 539218 349012  530.97909   76   35  572.60000  515.24237  10.0%  37.2 2383s
 283348 176333  515.44436   51   62  572.71000  512.63644  10.5%  38.1 1935s
 540578 349894  557.30091   57   23  572.60000  515.25611  10.0%  37.2 2391s
 283847 177484  528.56334   61   51  572.71000  512.64293  10.5%  38.1 1942s
 541976 351057  572.27611   77   29  572.60000  515.26343  10.0%  37.2 2397s
 285411 178367     cutoff   63       572.71000  512.66172  10.5%  38.1 1949s
 286855 179287  568.82770   59   25  572.71000  512.68547  10.5%  38.1 1955s
 543504 351910  542.01782  107   41  572.60000  515.27444  10.0%  37.2 2404s
 288207 180272  531.67843   79   48  572.71000  512.70215  10.5%  38.1 1961s
 544763 352735  544.28558   55   37  572.60000  515.28601  10.0%  37.2 2410s
 289674 181158  543.66786   82   39  572.71000  512.72594  10.5%  38.1 1968s
 546052 353678  567.61922   94   19  572.60000  515.29584  10.0%  37.2 2417s
 290856 182248  528.41091   69   32  572.71000  512.74536  10.5%  38.0 1977s
 547533 354695  522.30653   57   77  572.60000  515.30744  10.0%  37.2 2427s
 292385 183072     cutoff  106       572.71000  512.76385  10.5%  38.0 1982s
 548945 355305  524.04644   79   24  572.60000  515.31219  10.0%  37.2 2434s
 293650 183971  535.58068   56   45  572.71000  512.78656  10.5%  38.0 1987s
 295031 184577  533.26958   78   45  572.71000  512.80625  10.5%  38.0 1992s
 550215 355685  519.56179   57   59  572.60000  515.32283  10.0%  37.2 2441s
 296167 185379  523.93757   58   72  572.71000  512.83009  10.5%  38.0 1998s
 550676 356777  533.61611   80   50  572.60000  515.32760  10.0%  37.2 2449s
 297414 186119  547.63259   86   19  572.71000  512.85051  10.5%  38.0 2003s
 552383 357916  554.04581   65    8  572.60000  515.34049  10.0%  37.2 2458s
 298589 187188  556.75390   93   57  572.71000  512.86727  10.4%  38.0 2010s
 300052 188098  533.68519   66   55  572.71000  512.88478  10.4%  38.0 2017s
 554043 358887  527.47857   63   62  572.60000  515.35358  10.0%  37.2 2466s
 301291 188957  518.04998   62   84  572.71000  512.89850  10.4%  38.0 2022s
 555590 359976  538.23617   76   44  572.60000  515.36154  10.0%  37.2 2474s
 302531 189956  559.27742   82   44  572.71000  512.91991  10.4%  38.0 2028s
 557119 361124  531.07797   60   52  572.60000  515.37289  10.0%  37.2 2481s
 303924 190773  529.14410   87   80  572.71000  512.94184  10.4%  37.9 2033s
 305253 191454 infeasible   65       572.71000  512.96662  10.4%  37.9 2039s
 558757 362185  525.82545   72   35  572.60000  515.38598  10.0%  37.2 2488s
 306513 192347  523.87121   59   38  572.71000  512.98121  10.4%  37.9 2045s
 560417 363304  521.47771   42  104  572.60000  515.40005  10.0%  37.2 2495s
 307802 193144  518.12896   42   89  572.71000  512.98906  10.4%  37.9 2051s
 562011 364269  524.99639   75   67  572.60000  515.40616  10.0%  37.2 2501s
 309072 193971     cutoff   73       572.71000  513.00888  10.4%  37.9 2059s
 563434 365331  517.06331   62   60  572.60000  515.41672  10.0%  37.2 2508s
 310513 194691  547.06155   74   38  572.71000  513.03833  10.4%  37.9 2065s
 564951 366361  533.23244   66   79  572.60000  515.42949  10.0%  37.1 2515s
 311673 195656  560.37447   77   22  572.71000  513.05772  10.4%  37.9 2070s
 566444 367358  563.55050   69   31  572.60000  515.43932  10.0%  37.1 2524s
 313033 196686  521.31769   55   37  572.71000  513.07112  10.4%  37.9 2076s
 314420 197600  536.66740   61   62  572.71000  513.08730  10.4%  37.9 2082s
 567803 368451  562.36829   97   66  572.60000  515.44755  10.0%  37.1 2531s
 315802 198440  513.76119   57   70  572.71000  513.11155  10.4%  37.9 2088s
 569190 369513  529.81064   70   61  572.60000  515.45320  10.0%  37.1 2538s
 317040 199483  525.03564   66   26  572.71000  513.12736  10.4%  37.9 2094s
 570820 370467     cutoff   64       572.60000  515.46797  10.0%  37.1 2545s
 318433 200426     cutoff  131       572.71000  513.14066  10.4%  37.9 2100s
 572293 371292  530.41085   97   26  572.60000  515.48425  10.0%  37.1 2553s
 319703 201341  540.81867   50   42  572.71000  513.15269  10.4%  37.9 2107s
 573637 372243  525.94250   59   50  572.60000  515.49177  10.0%  37.1 2560s
 320971 202294  530.77170   72   75  572.71000  513.17467  10.4%  37.8 2114s
 575165 373120  523.77871   68   35  572.60000  515.50648  10.0%  37.1 2567s
 322258 203311  532.31611   62   35  572.71000  513.18295  10.4%  37.8 2119s
 576509 373936  568.92176   60   16  572.60000  515.51533  10.0%  37.1 2574s
 323742 204115 infeasible   78       572.71000  513.20575  10.4%  37.8 2125s
 324974 204996  539.00657   81   54  572.71000  513.22604  10.4%  37.8 2132s
 577803 374871  521.41659   57   53  572.60000  515.52503  10.0%  37.1 2580s
 326233 205858  530.05760   48   51  572.71000  513.24167  10.4%  37.8 2138s
 579399 375970  531.71317   75   22  572.60000  515.53584  10.0%  37.1 2587s
 580945 376948  533.38682   70   32  572.60000  515.54603  10.0%  37.1 2595s
 327442 206995  538.32571   76   39  572.71000  513.25350  10.4%  37.8 2148s
 582352 377693  526.16858   67   45  572.60000  515.55514  10.0%  37.1 2602s
 328998 207803  519.99393   58   62  572.71000  513.27520  10.4%  37.8 2154s
 330111 208700  564.86307   71   37  572.71000  513.28763  10.4%  37.8 2160s
 583757 378582  568.06416   87   40  572.60000  515.55977  10.0%  37.1 2609s
 585100 379435  554.56624  131   37  572.60000  515.56968  10.0%  37.1 2618s
 332593 210675  519.83237   75   70  572.71000  513.32055  10.4%  37.8 2170s
 334026 211515  515.86241   56   39  572.71000  513.34118  10.4%  37.8 2176s
 586424 380378  565.61731  107   33  572.60000  515.58155  10.0%  37.1 2624s
 335375 212212 infeasible  109       572.71000  513.35384  10.4%  37.7 2182s
 587800 381302  535.97629   63   47  572.60000  515.60197  10.0%  37.1 2631s
 336500 213047  536.06529   66   47  572.71000  513.36834  10.4%  37.8 2188s
 589212 382195  562.15518   65   25  572.60000  515.61159  10.0%  37.1 2639s
 337756 214022  566.44090  129   39  572.71000  513.37776  10.4%  37.8 2193s
 590645 383210  531.26078   53   61  572.60000  515.62111  10.0%  37.1 2646s
 339243 215021  521.13904   58   45  572.71000  513.39927  10.4%  37.8 2200s
 592118 384180  519.23167   64   58  572.60000  515.63232  9.95%  37.1 2654s
 340708 215704  556.23988   80   15  572.71000  513.41646  10.4%  37.7 2206s
 341958 216512 infeasible   79       572.71000  513.43259  10.4%  37.7 2212s
 593623 385055  545.15753   84   69  572.60000  515.64483  9.95%  37.1 2662s
 343319 217376  525.99449   59   38  572.71000  513.44177  10.3%  37.7 2218s
 595014 385918  526.71960   81   70  572.60000  515.65605  9.94%  37.1 2669s
 344659 218243  566.67746   70   31  572.71000  513.46577  10.3%  37.7 2224s
 596289 386841  530.70431   72   40  572.60000  515.66446  9.94%  37.1 2676s
 345985 218997  527.81582   58   33  572.71000  513.47681  10.3%  37.7 2231s
 597830 387813  540.86912   71   37  572.60000  515.67537  9.94%  37.1 2683s
 347414 219940  521.15253   58   22  572.71000  513.49746  10.3%  37.8 2237s
 599273 388503  532.34385   74   48  572.60000  515.68668  9.94%  37.1 2690s
 348754 220904  517.41184   71   85  572.71000  513.51544  10.3%  37.7 2243s
 600580 389426  546.67776   81   25  572.60000  515.69431  9.94%  37.1 2697s
 350027 221860  519.16055   49   86  572.71000  513.51544  10.3%  37.7 2249s
 351339 222821  554.86828  137   50  572.71000  513.53406  10.3%  37.7 2256s
 601989 390309  535.24568   79   61  572.60000  515.70853  9.94%  37.1 2705s
 352819 223699  537.96577   61   51  572.71000  513.55694  10.3%  37.7 2262s
 603486 391358  521.94361   75   38  572.60000  515.71904  9.93%  37.1 2715s
 354014 224562  536.39551   73   48  572.71000  513.56729  10.3%  37.7 2268s
 604969 392265  530.99489   54   34  572.60000  515.73040  9.93%  37.1 2721s
 355158 225475  518.06457   48   63  572.71000  513.58118  10.3%  37.7 2275s
 606400 392997  520.39513   61   50  572.60000  515.74084  9.93%  37.1 2728s
 356489 226475     cutoff   59       572.71000  513.58823  10.3%  37.7 2280s
 607676 394003     cutoff   92       572.60000  515.74837  9.93%  37.1 2735s
 357903 227259  529.61080   58  104  572.71000  513.60269  10.3%  37.7 2287s
 359002 228211  567.00196  115   37  572.71000  513.61286  10.3%  37.7 2293s
 609176 394852  521.76607   61   75  572.60000  515.75641  9.93%  37.1 2742s
 360388 229085  570.26239   93   25  572.71000  513.62239  10.3%  37.7 2299s
 610549 395087  548.00603   68   73  572.60000  515.76589  9.93%  37.1 2751s
 361584 230047  526.68090   65   52  572.71000  513.63509  10.3%  37.7 2306s
 611023 395956  547.67476   68   35  572.60000  515.77417  9.92%  37.1 2759s
 362981 231047  519.58195   57   52  572.71000  513.64532  10.3%  37.7 2312s
 364405 232109  521.48126   49   44  572.71000  513.66748  10.3%  37.6 2319s
 612513 396397  531.11606   64   38  572.60000  515.78010  9.92%  37.1 2769s
 366062 232493  527.57514   63   57  572.71000  513.68728  10.3%  37.6 2325s
 613309 397436  532.10655   56   29  572.60000  515.78303  9.92%  37.2 2776s
 366536 233642  544.95133  104   16  572.71000  513.68979  10.3%  37.6 2333s
 614960 398427  540.31550   75   51  572.60000  515.80074  9.92%  37.2 2783s
 367975 233676  546.66287   92   36  572.71000  513.69766  10.3%  37.6 2341s
 616419 399438     cutoff   58       572.60000  515.80632  9.92%  37.2 2790s
 368009 234542  554.29010  101   37  572.71000  513.69891  10.3%  37.6 2349s
 618137 400265  529.32282   61   82  572.60000  515.82103  9.92%  37.1 2798s
 369342 235453  536.58822   63   51  572.71000  513.71051  10.3%  37.6 2356s
 619583 401224  526.69194   68   81  572.60000  515.82862  9.91%  37.1 2806s
 370728 236409 infeasible   68       572.71000  513.72595  10.3%  37.6 2362s
 621145 402251  532.14266   53   24  572.60000  515.83760  9.91%  37.1 2813s
 372048 237396  523.51303   55   27  572.71000  513.73395  10.3%  37.6 2368s
 622700 403063  565.21775   87   26  572.60000  515.84872  9.91%  37.1 2822s
 373420 238380  537.26818   81   56  572.71000  513.75165  10.3%  37.6 2374s
 374786 239147  531.63341   67   65  572.71000  513.76733  10.3%  37.6 2381s
 624070 404104  531.51119   76   53  572.60000  515.85860  9.91%  37.1 2829s
 376048 240300  520.52779   60   49  572.71000  513.77668  10.3%  37.6 2387s
 625646 405164  556.23148   85   44  572.60000  515.87045  9.91%  37.1 2836s
 377555 241304  526.81962   55   61  572.71000  513.78884  10.3%  37.6 2394s
 627154 406174  565.87289  123   30  572.60000  515.87771  9.91%  37.1 2844s
 379196 242264  526.97056   61   39  572.71000  513.81103  10.3%  37.6 2401s
 628624 407114  528.49108   77   57  572.60000  515.88986  9.90%  37.1 2852s
 380641 243253  540.30988   54   53  572.71000  513.82611  10.3%  37.6 2409s
 629909 408126  563.90209  113   48  572.60000  515.89828  9.90%  37.1 2860s
 382051 244308  529.49305   78   37  572.71000  513.83631  10.3%  37.6 2416s
 631537 409073  539.23812   53   24  572.60000  515.91179  9.90%  37.1 2868s
 383503 245327  537.21688   61   43  572.71000  513.84854  10.3%  37.5 2425s
 633224 410063  529.55477   51   43  572.60000  515.92209  9.90%  37.1 2874s
 384978 246352  569.98000   62   16  572.71000  513.86203  10.3%  37.5 2432s
 634629 411004     cutoff  151       572.60000  515.92791  9.90%  37.1 2882s
 386314 247264  525.33275   57   53  572.71000  513.87190  10.3%  37.5 2439s
 635986 411999  526.62643   80   90  572.60000  515.93927  9.90%  37.1 2889s
 387625 248233  531.75719   73   34  572.71000  513.88695  10.3%  37.5 2446s
 637380 413039  543.34526   88   50  572.60000  515.94716  9.89%  37.1 2896s
 389039 249039  519.05948   70   59  572.71000  513.90128  10.3%  37.5 2453s
 638859 413995  566.16904  105   37  572.60000  515.95562  9.89%  37.1 2903s
 390277 249852  553.93203   64   38  572.71000  513.91332  10.3%  37.5 2459s
 640393 414857  536.05191   62   34  572.60000  515.96441  9.89%  37.1 2914s
 391536 250869  551.90073   61   20  572.71000  513.93059  10.3%  37.5 2466s
 641848 415742  563.85843  101   38  572.60000  515.98040  9.89%  37.1 2921s
 392940 251609  552.47602   85   31  572.71000  513.94406  10.3%  37.5 2475s
 643147 416706     cutoff   72       572.60000  515.98978  9.89%  37.1 2930s
 394191 252473     cutoff   58       572.71000  513.95518  10.3%  37.5 2483s
 395493 253292  521.03610   62   66  572.71000  513.97083  10.3%  37.5 2491s
 644591 417666  525.91690   66  110  572.60000  515.99805  9.89%  37.1 2940s
 396787 254079  538.52265   78   45  572.71000  513.98277  10.3%  37.5 2501s
 646124 418663  570.21240   64   26  572.60000  516.00669  9.88%  37.1 2950s
 398117 254923  523.99388   51   34  572.71000  513.99376  10.3%  37.5 2507s
 647626 419593  554.12900   69   75  572.60000  516.02166  9.88%  37.1 2958s
 399552 255695  531.81538   63   37  572.71000  514.00575  10.3%  37.5 2514s
 649078 420403  539.17035   65   37  572.60000  516.02995  9.88%  37.1 2966s
 400924 256550  536.17554   69   50  572.71000  514.02378  10.2%  37.5 2520s
 650416 421417  537.17234   99   63  572.60000  516.03999  9.88%  37.1 2972s
 402204 257433  526.31193   85   44  572.71000  514.03842  10.2%  37.5 2530s
 651925 422406  543.65118   80   33  572.60000  516.05318  9.88%  37.1 2980s
 403538 258492  567.04225   67   24  572.71000  514.05566  10.2%  37.5 2536s
 653506 423321  557.31430   66   71  572.60000  516.06410  9.87%  37.1 2987s
 405129 259409  515.44289   51   70  572.71000  514.07507  10.2%  37.5 2542s
 655034 424207  537.92343   76   60  572.60000  516.07412  9.87%  37.1 2995s
 406475 260184  541.73715   94   63  572.71000  514.09159  10.2%  37.5 2548s
 656381 425168  563.55449  106   25  572.60000  516.08468  9.87%  37.1 3003s
 407639 261223  529.29431   71   44  572.71000  514.09736  10.2%  37.5 2556s
 657913 426191  523.05938   62   41  572.60000  516.09306  9.87%  37.1 3011s
 409149 262014  520.57381   72   37  572.71000  514.11076  10.2%  37.5 2563s
 410434 262972  545.10806   71   44  572.71000  514.12713  10.2%  37.5 2569s
 659506 427052  559.10178   59   34  572.60000  516.09852  9.87%  37.1 3020s
 411786 263763  533.83942   62   70  572.71000  514.13690  10.2%  37.4 2575s
 660905 428070 infeasible   96       572.60000  516.10826  9.87%  37.1 3028s
 412927 264766  541.69553   77   54  572.71000  514.15239  10.2%  37.4 2581s
 662345 429256     cutoff   77       572.60000  516.11654  9.86%  37.1 3035s
 414425 265825  539.35891   66   48  572.71000  514.16854  10.2%  37.4 2587s
 415859 266810  527.82897   78   30  572.71000  514.17968  10.2%  37.4 2594s
 664031 430308  555.78779   76   49  572.60000  516.12788  9.86%  37.1 3042s
 417208 267667  523.78954   51   62  572.71000  514.19250  10.2%  37.4 2600s
 665534 431415  523.91669   56   30  572.60000  516.13568  9.86%  37.1 3049s
 418695 268415  537.49996   62   30  572.71000  514.20736  10.2%  37.4 2606s
 667116 432266     cutoff   93       572.60000  516.14260  9.86%  37.1 3056s
 419781 269389  528.12529   61   33  572.71000  514.21383  10.2%  37.4 2612s
 421231 270227  522.18793   68   56  572.71000  514.22980  10.2%  37.4 2622s
 422535 271159     cutoff   61       572.71000  514.23788  10.2%  37.4 2630s
 668503 432273  543.55505   90   36  572.60000  516.15762  9.86%  37.1 3081s
 423898 272135  518.75146   67   80  572.71000  514.26000  10.2%  37.4 2635s
 668518 433446  543.55505   91   36  572.60000  516.15945  9.86%  37.1 3088s
 425284 273154  540.79891   82   38  572.71000  514.27783  10.2%  37.4 2642s
 670025 434309  522.89350   93   76  572.60000  516.16616  9.86%  37.1 3095s
 426673 273998  547.24626   66   42  572.71000  514.28941  10.2%  37.4 2649s
 671442 435396  571.29629  206   47  572.60000  516.16947  9.86%  37.0 3102s
 428017 274901  549.14490   59   18  572.71000  514.30126  10.2%  37.4 2655s
 672970 436303  525.74509   56   60  572.60000  516.18099  9.85%  37.0 3111s
 429331 275850  554.94963   65   34  572.71000  514.31544  10.2%  37.4 2662s
 674346 437030  531.17777   67   45  572.60000  516.18568  9.85%  37.0 3118s
 430700 276697  554.93920   86   22  572.71000  514.32800  10.2%  37.4 2669s
 431951 277745  553.01824   63   21  572.71000  514.34815  10.2%  37.4 2676s
 675624 437814  524.81814   54   49  572.60000  516.19368  9.85%  37.0 3125s
 433413 278724  549.86764   58   43  572.71000  514.36158  10.2%  37.4 2683s
 676968 438752  535.70000   68   31  572.60000  516.20443  9.85%  37.1 3132s
 434758 279534  539.16995  111   51  572.71000  514.37547  10.2%  37.4 2689s
 678439 439723  530.34972   69   59  572.60000  516.21069  9.85%  37.1 3143s
 436085 280567  523.10253   56   68  572.71000  514.38732  10.2%  37.4 2699s
 680002 440593  523.13467   55   81  572.60000  516.22204  9.85%  37.1 3154s
 437492 281651  538.89882   73   51  572.71000  514.39829  10.2%  37.4 2709s
 681352 441505     cutoff   77       572.60000  516.22955  9.84%  37.0 3161s
 439038 282592  547.71898   60   24  572.71000  514.41476  10.2%  37.4 2722s
 682695 442629  519.08551   61   33  572.60000  516.23877  9.84%  37.0 3170s
 440434 283408  536.21318   86   29  572.71000  514.42891  10.2%  37.4 2729s
 684318 443436  551.68565   75   33  572.60000  516.24639  9.84%  37.0 3178s
 441687 284419  531.33843   93   89  572.71000  514.43738  10.2%  37.4 2736s
 685669 444283  546.97876  107   33  572.60000  516.25541  9.84%  37.0 3185s
 443164 285469  523.01997   55   34  572.71000  514.45426  10.2%  37.4 2744s
 687187 445105     cutoff   68       572.60000  516.26478  9.84%  37.0 3193s
 444628 286254  547.64858  116   42  572.71000  514.46710  10.2%  37.4 2753s
 688577 446016  548.02182   76   44  572.60000  516.27539  9.84%  37.0 3203s
 445835 287093  530.35880   62   63  572.71000  514.47664  10.2%  37.4 2761s
 690114 447084     cutoff   75       572.60000  516.28466  9.84%  37.0 3214s
 447115 288193  531.45111   64   45  572.71000  514.48616  10.2%  37.4 2770s
 691595 448147  563.65475  102   28  572.60000  516.29278  9.83%  37.0 3223s
 448624 289050  537.36890   61   55  572.71000  514.50013  10.2%  37.4 2777s
 693096 449005  524.81464   63   45  572.60000  516.30003  9.83%  37.0 3230s
 449893 289741  553.99272   70   43  572.71000  514.51203  10.2%  37.4 2784s
H450347 289706                     572.6000000  514.51203  10.1%  37.4 2785s
 694482 450099  528.68410   66   53  572.60000  516.30854  9.83%  37.0 3237s
 450965 290680  542.54644   65   60  572.60000  514.51517  10.1%  37.4 2791s
 696089 450938  523.22912   75   36  572.60000  516.31974  9.83%  37.0 3248s
 452357 291507  526.43982   66   33  572.60000  514.52845  10.1%  37.4 2801s
 453770 292406  558.72142   61   29  572.60000  514.55002  10.1%  37.4 2812s
 697296 451787  524.93738   69   84  572.60000  516.32437  9.83%  37.0 3271s
 454976 293481     cutoff   70       572.60000  514.55686  10.1%  37.4 2834s
 698754 452785  533.70896   58   36  572.60000  516.33582  9.83%  37.0 3302s
